<?xml version="1.0" encoding="UTF-8"?><testrun duration="123225" footerText="Generated by GoLand on 23/03/2022 17:45" name="Run cassettes">
    <count name="total" value="182"/>
    <count name="failed" value="39"/>
    <count name="ignored" value="9"/>
    <count name="passed" value="134"/>
    <config configId="GoTestRunConfiguration" name="Run cassettes">
        <module name="terraform-provider-scaleway"/>
        <working_directory value="/Users/sieben/workspace/terraform-provider-scaleway/scaleway"/>
        <envs>
            <env name="TF_ACC" value="1"/>
        </envs>
        <EXTENSION ID="net.ashald.envfile">
            <option name="IS_ENABLED" value="false"/>
            <option name="IS_SUBST" value="false"/>
            <option name="IS_PATH_MACRO_SUPPORTED" value="false"/>
            <option name="IS_IGNORE_MISSING_FILES" value="false"/>
            <option name="IS_ENABLE_EXPERIMENTAL_INTEGRATIONS" value="false"/>
            <ENTRIES>
                <ENTRY IS_ENABLED="true" PARSER="runconfig"/>
            </ENTRIES>
        </EXTENSION>
        <root_directory value="/Users/sieben/workspace/terraform-provider-scaleway"/>
        <kind value="PACKAGE"/>
        <package value="github.com/scaleway/terraform-provider-scaleway/v2/scaleway"/>
        <directory value="/Users/sieben/workspace/terraform-provider-scaleway"/>
        <filePath value="/Users/sieben/workspace/terraform-provider-scaleway"/>
        <framework value="gotest"/>
        <method v="2"/>
    </config>
    <test duration="6070" locationUrl="gotest://github.com/scaleway/terraform-provider-scaleway/v2/scaleway#TestAccScalewayDataSourceAccountSSHKey_Basic" name="TestAccScalewayDataSourceAccountSSHKey_Basic" status="passed">
        <output type="stdout">=== RUN   TestAccScalewayDataSourceAccountSSHKey_Basic
=== PAUSE TestAccScalewayDataSourceAccountSSHKey_Basic
=== CONT  TestAccScalewayDataSourceAccountSSHKey_Basic
--- PASS: TestAccScalewayDataSourceAccountSSHKey_Basic (6.07s)
</output>
    </test>
    <test duration="1610" locationUrl="gotest://github.com/scaleway/terraform-provider-scaleway/v2/scaleway#TestAccScalewayDataSourceBaremetalOffer_Basic" name="TestAccScalewayDataSourceBaremetalOffer_Basic" status="passed">
        <output type="stdout">=== RUN   TestAccScalewayDataSourceBaremetalOffer_Basic
=== PAUSE TestAccScalewayDataSourceBaremetalOffer_Basic
=== CONT  TestAccScalewayDataSourceBaremetalOffer_Basic
--- PASS: TestAccScalewayDataSourceBaremetalOffer_Basic (1.61s)
</output>
    </test>
    <test duration="1830" locationUrl="gotest://github.com/scaleway/terraform-provider-scaleway/v2/scaleway#TestAccScalewayDataSourceContainerNamespace_Basic" name="TestAccScalewayDataSourceContainerNamespace_Basic" status="passed">
        <output type="stdout">=== RUN   TestAccScalewayDataSourceContainerNamespace_Basic
=== PAUSE TestAccScalewayDataSourceContainerNamespace_Basic
=== CONT  TestAccScalewayDataSourceContainerNamespace_Basic
--- PASS: TestAccScalewayDataSourceContainerNamespace_Basic (1.83s)
</output>
    </test>
    <test duration="14790" locationUrl="gotest://github.com/scaleway/terraform-provider-scaleway/v2/scaleway#TestAccScalewayDataSourceDomainRecord_Basic" name="TestAccScalewayDataSourceDomainRecord_Basic" status="failed">
        <output type="stdout">=== RUN   TestAccScalewayDataSourceDomainRecord_Basic
=== PAUSE TestAccScalewayDataSourceDomainRecord_Basic
=== CONT  TestAccScalewayDataSourceDomainRecord_Basic
=== CONT  TestAccScalewayDataSourceDomainRecord_Basic
    data_source_domain_record_test.go:13: Step 1/5 error: Error running apply: exit status 1
        
        Error: scaleway-sdk-go: error executing request: Patch "https://api.scaleway.com/domain/v2beta1/dns-zones/test-data-source./records": PATCH https://api.scaleway.com/domain/v2beta1/dns-zones/test-data-source./records giving up after 4 attempt(s): Patch "https://api.scaleway.com/domain/v2beta1/dns-zones/test-data-source./records": Requested interaction not found
        
          with scaleway_domain_record.main,
          on terraform_plugin_test.tf line 2, in resource "scaleway_domain_record" "main":
           2: 					resource scaleway_domain_record main {
        
--- FAIL: TestAccScalewayDataSourceDomainRecord_Basic (14.79s)
</output>
    </test>
    <test duration="14860" locationUrl="gotest://github.com/scaleway/terraform-provider-scaleway/v2/scaleway#TestAccScalewayDataSourceDomainZone_Basic" name="TestAccScalewayDataSourceDomainZone_Basic" status="failed">
        <output type="stdout">=== RUN   TestAccScalewayDataSourceDomainZone_Basic
=== PAUSE TestAccScalewayDataSourceDomainZone_Basic
=== CONT  TestAccScalewayDataSourceDomainZone_Basic
=== CONT  TestAccScalewayDataSourceDomainZone_Basic
    data_source_domain_zone_test.go:16: Step 1/1 error: Error running apply: exit status 1
        
        Error: scaleway-sdk-go: error executing request: Get "https://api.scaleway.com/domain/v2beta1/dns-zones?dns_zone=test-zone2.&amp;domain=&amp;order_by=domain_asc": GET https://api.scaleway.com/domain/v2beta1/dns-zones?dns_zone=test-zone2.&amp;domain=&amp;order_by=domain_asc giving up after 4 attempt(s): Get "https://api.scaleway.com/domain/v2beta1/dns-zones?dns_zone=test-zone2.&amp;domain=&amp;order_by=domain_asc": Requested interaction not found
        
          with scaleway_domain_zone.main,
          on terraform_plugin_test.tf line 2, in resource "scaleway_domain_zone" "main":
           2: 					resource scaleway_domain_zone main {
        
--- FAIL: TestAccScalewayDataSourceDomainZone_Basic (14.86s)
</output>
    </test>
    <test duration="1720" locationUrl="gotest://github.com/scaleway/terraform-provider-scaleway/v2/scaleway#TestAccScalewayDataSourceFunctionNamespace_Basic" name="TestAccScalewayDataSourceFunctionNamespace_Basic" status="passed">
        <output type="stdout">=== RUN   TestAccScalewayDataSourceFunctionNamespace_Basic
=== PAUSE TestAccScalewayDataSourceFunctionNamespace_Basic
=== CONT  TestAccScalewayDataSourceFunctionNamespace_Basic
--- PASS: TestAccScalewayDataSourceFunctionNamespace_Basic (1.72s)
</output>
    </test>
    <test duration="1680" locationUrl="gotest://github.com/scaleway/terraform-provider-scaleway/v2/scaleway#TestAccScalewayDataSourceInstanceImage_Basic" name="TestAccScalewayDataSourceInstanceImage_Basic" status="passed">
        <output type="stdout">=== RUN   TestAccScalewayDataSourceInstanceImage_Basic
=== PAUSE TestAccScalewayDataSourceInstanceImage_Basic
=== CONT  TestAccScalewayDataSourceInstanceImage_Basic
--- PASS: TestAccScalewayDataSourceInstanceImage_Basic (1.68s)
</output>
    </test>
    <test duration="3100" locationUrl="gotest://github.com/scaleway/terraform-provider-scaleway/v2/scaleway#TestAccScalewayDataSourceInstanceIP_Basic" name="TestAccScalewayDataSourceInstanceIP_Basic" status="passed">
        <output type="stdout">=== RUN   TestAccScalewayDataSourceInstanceIP_Basic
=== PAUSE TestAccScalewayDataSourceInstanceIP_Basic
=== CONT  TestAccScalewayDataSourceInstanceIP_Basic
--- PASS: TestAccScalewayDataSourceInstanceIP_Basic (3.10s)
</output>
    </test>
    <test duration="3600" locationUrl="gotest://github.com/scaleway/terraform-provider-scaleway/v2/scaleway#TestAccScalewayDataSourceInstanceSecurityGroup_Basic" name="TestAccScalewayDataSourceInstanceSecurityGroup_Basic" status="passed">
        <output type="stdout">=== RUN   TestAccScalewayDataSourceInstanceSecurityGroup_Basic
=== PAUSE TestAccScalewayDataSourceInstanceSecurityGroup_Basic
=== CONT  TestAccScalewayDataSourceInstanceSecurityGroup_Basic
--- PASS: TestAccScalewayDataSourceInstanceSecurityGroup_Basic (3.60s)
</output>
    </test>
    <test duration="2730" locationUrl="gotest://github.com/scaleway/terraform-provider-scaleway/v2/scaleway#TestAccScalewayDataSourceInstanceServer_Basic" name="TestAccScalewayDataSourceInstanceServer_Basic" status="passed">
        <output type="stdout">=== RUN   TestAccScalewayDataSourceInstanceServer_Basic
=== PAUSE TestAccScalewayDataSourceInstanceServer_Basic
=== CONT  TestAccScalewayDataSourceInstanceServer_Basic
--- PASS: TestAccScalewayDataSourceInstanceServer_Basic (2.73s)
</output>
    </test>
    <test duration="3260" locationUrl="gotest://github.com/scaleway/terraform-provider-scaleway/v2/scaleway#TestAccScalewayDataSourceInstanceVolume_Basic" name="TestAccScalewayDataSourceInstanceVolume_Basic" status="passed">
        <output type="stdout">=== RUN   TestAccScalewayDataSourceInstanceVolume_Basic
=== PAUSE TestAccScalewayDataSourceInstanceVolume_Basic
=== CONT  TestAccScalewayDataSourceInstanceVolume_Basic
--- PASS: TestAccScalewayDataSourceInstanceVolume_Basic (3.26s)
</output>
    </test>
    <test duration="15070" locationUrl="gotest://github.com/scaleway/terraform-provider-scaleway/v2/scaleway#TestAccScalewayDataSourceK8SCluster_Basic" name="TestAccScalewayDataSourceK8SCluster_Basic" status="failed">
        <output type="stdout">=== RUN   TestAccScalewayDataSourceK8SCluster_Basic
2022/03/23 17:42:11 [DEBUG] [DEBUG] GET https://api.scaleway.com/k8s/v1/regions/fr-par/versions
=== PAUSE TestAccScalewayDataSourceK8SCluster_Basic
=== CONT  TestAccScalewayDataSourceK8SCluster_Basic
=== CONT  TestAccScalewayDataSourceK8SCluster_Basic
    data_source_k8s_cluster_test.go:15: Step 1/1 error: Error running apply: exit status 1
        
        Error: scaleway-sdk-go: waiting for cluster failed: scaleway-sdk-go: error executing request: Get "https://api.scaleway.com/k8s/v1/regions/fr-par/clusters/aa40288a-33f4-41b1-95bf-e80d3e71cac5": GET https://api.scaleway.com/k8s/v1/regions/fr-par/clusters/aa40288a-33f4-41b1-95bf-e80d3e71cac5 giving up after 4 attempt(s): Get "https://api.scaleway.com/k8s/v1/regions/fr-par/clusters/aa40288a-33f4-41b1-95bf-e80d3e71cac5": Requested interaction not found
        
          with scaleway_k8s_pool.default,
          on terraform_plugin_test.tf line 9, in resource "scaleway_k8s_pool" "default":
           9: 					resource "scaleway_k8s_pool" "default" {
        
    testing_new.go:79: Error running post-test destroy, there may be dangling resources: exit status 1
        
        Error: cluster ea5fd24d-865f-471a-b0f4-bc704fe1154d has state ready, wants deleted
        
--- FAIL: TestAccScalewayDataSourceK8SCluster_Basic (15.07s)
</output>
    </test>
    <test duration="15080" locationUrl="gotest://github.com/scaleway/terraform-provider-scaleway/v2/scaleway#TestAccScalewayDataSourceK8SPool_Basic" name="TestAccScalewayDataSourceK8SPool_Basic" status="failed">
        <output type="stdout">=== RUN   TestAccScalewayDataSourceK8SPool_Basic
2022/03/23 17:42:11 [DEBUG] [DEBUG] GET https://api.scaleway.com/k8s/v1/regions/fr-par/versions
=== PAUSE TestAccScalewayDataSourceK8SPool_Basic
=== CONT  TestAccScalewayDataSourceK8SPool_Basic
=== CONT  TestAccScalewayDataSourceK8SPool_Basic
    data_source_k8s_pool_test.go:16: Step 1/2 error: Error running apply: exit status 1
        
        Error: scaleway-sdk-go: waiting for cluster failed: scaleway-sdk-go: error executing request: Get "https://api.scaleway.com/k8s/v1/regions/fr-par/clusters/b547ea0c-9681-4f7b-bdb6-c15f1e1bd4e3": GET https://api.scaleway.com/k8s/v1/regions/fr-par/clusters/b547ea0c-9681-4f7b-bdb6-c15f1e1bd4e3 giving up after 4 attempt(s): Get "https://api.scaleway.com/k8s/v1/regions/fr-par/clusters/b547ea0c-9681-4f7b-bdb6-c15f1e1bd4e3": Requested interaction not found
        
          with scaleway_k8s_pool.default,
          on terraform_plugin_test.tf line 9, in resource "scaleway_k8s_pool" "default":
           9: 					resource "scaleway_k8s_pool" "default" {
        
    testing_new.go:79: Error running post-test destroy, there may be dangling resources: exit status 1
        
        Error: cluster 641c5fbf-f6c3-4e53-ac48-c183e33b074e has state ready, wants deleted
        
--- FAIL: TestAccScalewayDataSourceK8SPool_Basic (15.08s)
</output>
    </test>
    <test duration="1910" locationUrl="gotest://github.com/scaleway/terraform-provider-scaleway/v2/scaleway#TestAccScalewayDataSourceLbIP_Basic" name="TestAccScalewayDataSourceLbIP_Basic" status="passed">
        <output type="stdout">=== RUN   TestAccScalewayDataSourceLbIP_Basic
=== PAUSE TestAccScalewayDataSourceLbIP_Basic
=== CONT  TestAccScalewayDataSourceLbIP_Basic
--- PASS: TestAccScalewayDataSourceLbIP_Basic (1.91s)
</output>
    </test>
    <test duration="17110" locationUrl="gotest://github.com/scaleway/terraform-provider-scaleway/v2/scaleway#TestAccScalewayDataSourceLb_Basic" name="TestAccScalewayDataSourceLb_Basic" status="failed">
        <output type="stdout">=== RUN   TestAccScalewayDataSourceLb_Basic
=== PAUSE TestAccScalewayDataSourceLb_Basic
=== CONT  TestAccScalewayDataSourceLb_Basic
=== CONT  TestAccScalewayDataSourceLb_Basic
    data_source_lb_test.go:12: Step 1/1 error: Error running post-apply refresh: exit status 1
        
        Error: scaleway-sdk-go: waiting for lb failed: scaleway-sdk-go: error executing request: Get "https://api.scaleway.com/lb/v1/zones/fr-par-1/lbs/d0de11da-6076-437d-a9ae-7615a8941d7d": GET https://api.scaleway.com/lb/v1/zones/fr-par-1/lbs/d0de11da-6076-437d-a9ae-7615a8941d7d giving up after 4 attempt(s): Get "https://api.scaleway.com/lb/v1/zones/fr-par-1/lbs/d0de11da-6076-437d-a9ae-7615a8941d7d": Requested interaction not found
        
          with scaleway_lb_ip.main,
          on terraform_plugin_test.tf line 2, in resource "scaleway_lb_ip" "main":
           2: 					resource scaleway_lb_ip main {
        
--- FAIL: TestAccScalewayDataSourceLb_Basic (17.11s)
</output>
    </test>
    <test duration="1620" locationUrl="gotest://github.com/scaleway/terraform-provider-scaleway/v2/scaleway#TestAccScalewayDataSourceMarketplaceImage_Basic" name="TestAccScalewayDataSourceMarketplaceImage_Basic" status="passed">
        <output type="stdout">=== RUN   TestAccScalewayDataSourceMarketplaceImage_Basic
=== PAUSE TestAccScalewayDataSourceMarketplaceImage_Basic
=== CONT  TestAccScalewayDataSourceMarketplaceImage_Basic
--- PASS: TestAccScalewayDataSourceMarketplaceImage_Basic (1.62s)
</output>
    </test>
    <test duration="0" locationUrl="gotest://github.com/scaleway/terraform-provider-scaleway/v2/scaleway#TestAccScalewayDataSourceObjectStorage_Basic" name="TestAccScalewayDataSourceObjectStorage_Basic" status="ignored">
        <output type="stdout">=== RUN   TestAccScalewayDataSourceObjectStorage_Basic
    data_source_object_bucket_test.go:13: Skipping ObjectStorage test as this kind of resource can't be deleted before 24h
--- SKIP: TestAccScalewayDataSourceObjectStorage_Basic (0.00s)
</output>
    </test>
    <test duration="15190" locationUrl="gotest://github.com/scaleway/terraform-provider-scaleway/v2/scaleway#TestAccScalewayDataSourceRDBAcl_Basic" name="TestAccScalewayDataSourceRDBAcl_Basic" status="failed">
        <output type="stdout">=== RUN   TestAccScalewayDataSourceRDBAcl_Basic
=== PAUSE TestAccScalewayDataSourceRDBAcl_Basic
=== CONT  TestAccScalewayDataSourceRDBAcl_Basic
=== CONT  TestAccScalewayDataSourceRDBAcl_Basic
    data_source_rdb_acl_test.go:14: Step 1/2 error: Error running apply: exit status 1
        
        Error: scaleway-sdk-go: error executing request: Patch "https://api.scaleway.com/rdb/v1/regions/fr-par/instances/30426b39-1d75-499f-a183-21491fe0f191": PATCH https://api.scaleway.com/rdb/v1/regions/fr-par/instances/30426b39-1d75-499f-a183-21491fe0f191 giving up after 4 attempt(s): Patch "https://api.scaleway.com/rdb/v1/regions/fr-par/instances/30426b39-1d75-499f-a183-21491fe0f191": Requested interaction not found
        
          with scaleway_rdb_instance.main,
          on terraform_plugin_test.tf line 2, in resource "scaleway_rdb_instance" "main":
           2: 					resource "scaleway_rdb_instance" "main" {
        
=== CONT  TestAccScalewayDataSourceRDBAcl_Basic
    testing_new.go:79: Error running post-test destroy, there may be dangling resources: instance (fr-par/30426b39-1d75-499f-a183-21491fe0f191) still exists
--- FAIL: TestAccScalewayDataSourceRDBAcl_Basic (15.19s)
</output>
    </test>
    <test duration="1810" locationUrl="gotest://github.com/scaleway/terraform-provider-scaleway/v2/scaleway#TestAccScalewayDataSourceRdbDatabase_Basic" name="TestAccScalewayDataSourceRdbDatabase_Basic" status="failed">
        <output type="stdout">=== RUN   TestAccScalewayDataSourceRdbDatabase_Basic
=== PAUSE TestAccScalewayDataSourceRdbDatabase_Basic
=== CONT  TestAccScalewayDataSourceRdbDatabase_Basic
=== CONT  TestAccScalewayDataSourceRdbDatabase_Basic
    data_source_rdb_database_test.go:12: Step 1/2 error: Error running apply: exit status 1
        
        Error: can't parse user resource id: 
        
          with scaleway_rdb_database.database,
          on terraform_plugin_test.tf line 7, in resource "scaleway_rdb_database" "database":
           7: 					resource "scaleway_rdb_database" "database" {
        
=== CONT  TestAccScalewayDataSourceRdbDatabase_Basic
    testing_new.go:79: Error running post-test destroy, there may be dangling resources: instance (fr-par/0e3bf02e-fb36-4444-af04-cdc87db0f775) still exists
--- FAIL: TestAccScalewayDataSourceRdbDatabase_Basic (1.81s)
</output>
    </test>
    <test duration="3060" locationUrl="gotest://github.com/scaleway/terraform-provider-scaleway/v2/scaleway#TestAccScalewayDataSourceRdbInstance_Basic" name="TestAccScalewayDataSourceRdbInstance_Basic" status="passed">
        <output type="stdout">=== RUN   TestAccScalewayDataSourceRdbInstance_Basic
=== PAUSE TestAccScalewayDataSourceRdbInstance_Basic
=== CONT  TestAccScalewayDataSourceRdbInstance_Basic
--- PASS: TestAccScalewayDataSourceRdbInstance_Basic (3.06s)
</output>
    </test>
    <test duration="2440" locationUrl="gotest://github.com/scaleway/terraform-provider-scaleway/v2/scaleway#TestAccScalewayDataSourceRdbPrivilege_Basic" name="TestAccScalewayDataSourceRdbPrivilege_Basic" status="failed">
        <output type="stdout">=== RUN   TestAccScalewayDataSourceRdbPrivilege_Basic
=== PAUSE TestAccScalewayDataSourceRdbPrivilege_Basic
=== CONT  TestAccScalewayDataSourceRdbPrivilege_Basic
=== CONT  TestAccScalewayDataSourceRdbPrivilege_Basic
    data_source_rdb_privilege_test.go:12: Step 2/5 error: Error running apply: exit status 1
        
        Error: can't parse user resource id: 
        
          with scaleway_rdb_database.db,
          on terraform_plugin_test.tf line 11, in resource "scaleway_rdb_database" "db":
          11: 					resource "scaleway_rdb_database" "db" {
        
    testing_new.go:79: Error running post-test destroy, there may be dangling resources: instance (nl-ams/ec3d9039-67f6-4e77-a2c9-3b0e6745a550) still exists
--- FAIL: TestAccScalewayDataSourceRdbPrivilege_Basic (2.44s)
</output>
    </test>
    <test duration="0" locationUrl="gotest://github.com/scaleway/terraform-provider-scaleway/v2/scaleway#TestAccScalewayDataSourceRegistryImage_Basic" name="TestAccScalewayDataSourceRegistryImage_Basic" status="ignored">
        <output type="stdout">=== RUN   TestAccScalewayDataSourceRegistryImage_Basic
    data_source_registry_image_test.go:17: It is difficult to test this datasource as we cannot create registry images with Terraform.
--- SKIP: TestAccScalewayDataSourceRegistryImage_Basic (0.00s)
</output>
    </test>
    <test duration="3410" locationUrl="gotest://github.com/scaleway/terraform-provider-scaleway/v2/scaleway#TestAccScalewayDataSourceRegistryNamespace_Basic" name="TestAccScalewayDataSourceRegistryNamespace_Basic" status="passed">
        <output type="stdout">=== RUN   TestAccScalewayDataSourceRegistryNamespace_Basic
=== PAUSE TestAccScalewayDataSourceRegistryNamespace_Basic
=== CONT  TestAccScalewayDataSourceRegistryNamespace_Basic
--- PASS: TestAccScalewayDataSourceRegistryNamespace_Basic (3.41s)
</output>
    </test>
    <test duration="3560" locationUrl="gotest://github.com/scaleway/terraform-provider-scaleway/v2/scaleway#TestAccScalewayDataSourceVPCPrivateNetwork_Basic" name="TestAccScalewayDataSourceVPCPrivateNetwork_Basic" status="passed">
        <output type="stdout">=== RUN   TestAccScalewayDataSourceVPCPrivateNetwork_Basic
=== PAUSE TestAccScalewayDataSourceVPCPrivateNetwork_Basic
=== CONT  TestAccScalewayDataSourceVPCPrivateNetwork_Basic
--- PASS: TestAccScalewayDataSourceVPCPrivateNetwork_Basic (3.56s)
</output>
    </test>
    <test duration="4920" locationUrl="gotest://github.com/scaleway/terraform-provider-scaleway/v2/scaleway#TestAccScalewayDataSourceVPCPublicGatewayDHCP_Basic" name="TestAccScalewayDataSourceVPCPublicGatewayDHCP_Basic" status="passed">
        <output type="stdout">=== RUN   TestAccScalewayDataSourceVPCPublicGatewayDHCP_Basic
=== PAUSE TestAccScalewayDataSourceVPCPublicGatewayDHCP_Basic
=== CONT  TestAccScalewayDataSourceVPCPublicGatewayDHCP_Basic
--- PASS: TestAccScalewayDataSourceVPCPublicGatewayDHCP_Basic (4.92s)
</output>
    </test>
    <test duration="5090" locationUrl="gotest://github.com/scaleway/terraform-provider-scaleway/v2/scaleway#TestAccScalewayDataSourceVPCPublicGatewayIP_Basic" name="TestAccScalewayDataSourceVPCPublicGatewayIP_Basic" status="passed">
        <output type="stdout">=== RUN   TestAccScalewayDataSourceVPCPublicGatewayIP_Basic
=== PAUSE TestAccScalewayDataSourceVPCPublicGatewayIP_Basic
=== CONT  TestAccScalewayDataSourceVPCPublicGatewayIP_Basic
--- PASS: TestAccScalewayDataSourceVPCPublicGatewayIP_Basic (5.09s)
</output>
    </test>
    <test duration="18950" locationUrl="gotest://github.com/scaleway/terraform-provider-scaleway/v2/scaleway#TestAccScalewayDataSourceVPCPublicGatewayPATRule_Basic" name="TestAccScalewayDataSourceVPCPublicGatewayPATRule_Basic" status="failed">
        <output type="stdout">=== RUN   TestAccScalewayDataSourceVPCPublicGatewayPATRule_Basic
=== PAUSE TestAccScalewayDataSourceVPCPublicGatewayPATRule_Basic
=== CONT  TestAccScalewayDataSourceVPCPublicGatewayPATRule_Basic
=== CONT  TestAccScalewayDataSourceVPCPublicGatewayPATRule_Basic
    data_source_vpc_public_gateway_pat_rule_test.go:13: Step 2/2 error: Error running apply: exit status 1
        
        Error: scaleway-sdk-go: waiting for gateway network failed: scaleway-sdk-go: error executing request: Get "https://api.scaleway.com/vpc-gw/v1/zones/fr-par-1/gateway-networks/f0791db3-cfda-4eea-ae48-2c4069957c03": GET https://api.scaleway.com/vpc-gw/v1/zones/fr-par-1/gateway-networks/f0791db3-cfda-4eea-ae48-2c4069957c03 giving up after 4 attempt(s): Get "https://api.scaleway.com/vpc-gw/v1/zones/fr-par-1/gateway-networks/f0791db3-cfda-4eea-ae48-2c4069957c03": Requested interaction not found
        
          with scaleway_vpc_public_gateway_pat_rule.main,
          on terraform_plugin_test.tf line 23, in resource "scaleway_vpc_public_gateway_pat_rule" "main":
          23: 					resource scaleway_vpc_public_gateway_pat_rule main {
        
--- FAIL: TestAccScalewayDataSourceVPCPublicGatewayPATRule_Basic (18.95s)
</output>
    </test>
    <test duration="6440" locationUrl="gotest://github.com/scaleway/terraform-provider-scaleway/v2/scaleway#TestAccScalewayDataSourceVPCPublicGateway_Basic" name="TestAccScalewayDataSourceVPCPublicGateway_Basic" status="passed">
        <output type="stdout">=== RUN   TestAccScalewayDataSourceVPCPublicGateway_Basic
=== PAUSE TestAccScalewayDataSourceVPCPublicGateway_Basic
=== CONT  TestAccScalewayDataSourceVPCPublicGateway_Basic
--- PASS: TestAccScalewayDataSourceVPCPublicGateway_Basic (6.44s)
</output>
    </test>
    <suite duration="0" locationUrl="gotest://github.com/scaleway/terraform-provider-scaleway/v2/scaleway#TestIsEqualPrivateNetwork" name="TestIsEqualPrivateNetwork" status="passed">
        <test duration="0" locationUrl="gotest://github.com/scaleway/terraform-provider-scaleway/v2/scaleway#TestIsEqualPrivateNetwork/isEqualDHCP" name="isEqualDHCP" status="passed">
            <output type="stdout">=== RUN   TestIsEqualPrivateNetwork/isEqualDHCP
    --- PASS: TestIsEqualPrivateNetwork/isEqualDHCP (0.00s)
</output>
        </test>
        <test duration="0" locationUrl="gotest://github.com/scaleway/terraform-provider-scaleway/v2/scaleway#TestIsEqualPrivateNetwork/isEqualStatic" name="isEqualStatic" status="passed">
            <output type="stdout">=== RUN   TestIsEqualPrivateNetwork/isEqualStatic
    --- PASS: TestIsEqualPrivateNetwork/isEqualStatic (0.00s)
</output>
        </test>
        <test duration="0" locationUrl="gotest://github.com/scaleway/terraform-provider-scaleway/v2/scaleway#TestIsEqualPrivateNetwork/areNotEqualStatic" name="areNotEqualStatic" status="passed">
            <output type="stdout">=== RUN   TestIsEqualPrivateNetwork/areNotEqualStatic
    --- PASS: TestIsEqualPrivateNetwork/areNotEqualStatic (0.00s)
</output>
        </test>
        <test duration="0" locationUrl="gotest://github.com/scaleway/terraform-provider-scaleway/v2/scaleway#TestIsEqualPrivateNetwork/areNotEqualDHCPToStatic" name="areNotEqualDHCPToStatic" status="passed">
            <output type="stdout">=== RUN   TestIsEqualPrivateNetwork/areNotEqualDHCPToStatic
    --- PASS: TestIsEqualPrivateNetwork/areNotEqualDHCPToStatic (0.00s)
</output>
        </test>
        <test duration="0" locationUrl="gotest://github.com/scaleway/terraform-provider-scaleway/v2/scaleway#TestIsEqualPrivateNetwork/areNotEqualDHCPToStatic#01" name="areNotEqualDHCPToStatic#01" status="passed">
            <output type="stdout">=== RUN   TestIsEqualPrivateNetwork/areNotEqualDHCPToStatic#01
    --- PASS: TestIsEqualPrivateNetwork/areNotEqualDHCPToStatic#01 (0.00s)
</output>
        </test>
    </suite>
    <suite duration="0" locationUrl="gotest://github.com/scaleway/terraform-provider-scaleway/v2/scaleway#TestExpandObjectBucketTags" name="TestExpandObjectBucketTags" status="passed">
        <test duration="0" locationUrl="gotest://github.com/scaleway/terraform-provider-scaleway/v2/scaleway#TestExpandObjectBucketTags/no_tags" name="no_tags" status="passed">
            <output type="stdout">=== RUN   TestExpandObjectBucketTags/no_tags
    --- PASS: TestExpandObjectBucketTags/no_tags (0.00s)
</output>
        </test>
        <test duration="0" locationUrl="gotest://github.com/scaleway/terraform-provider-scaleway/v2/scaleway#TestExpandObjectBucketTags/single_tag" name="single_tag" status="passed">
            <output type="stdout">=== RUN   TestExpandObjectBucketTags/single_tag
    --- PASS: TestExpandObjectBucketTags/single_tag (0.00s)
</output>
        </test>
        <test duration="0" locationUrl="gotest://github.com/scaleway/terraform-provider-scaleway/v2/scaleway#TestExpandObjectBucketTags/many_tags" name="many_tags" status="passed">
            <output type="stdout">=== RUN   TestExpandObjectBucketTags/many_tags
    --- PASS: TestExpandObjectBucketTags/many_tags (0.00s)
</output>
        </test>
    </suite>
    <suite duration="0" locationUrl="gotest://github.com/scaleway/terraform-provider-scaleway/v2/scaleway#TestIsEndPointEqual" name="TestIsEndPointEqual" status="passed">
        <test duration="0" locationUrl="gotest://github.com/scaleway/terraform-provider-scaleway/v2/scaleway#TestIsEndPointEqual/isEqualPrivateNetworkDetails" name="isEqualPrivateNetworkDetails" status="passed">
            <output type="stdout">=== RUN   TestIsEndPointEqual/isEqualPrivateNetworkDetails
    --- PASS: TestIsEndPointEqual/isEqualPrivateNetworkDetails (0.00s)
</output>
        </test>
        <test duration="0" locationUrl="gotest://github.com/scaleway/terraform-provider-scaleway/v2/scaleway#TestIsEndPointEqual/notEqualIP" name="notEqualIP" status="passed">
            <output type="stdout">=== RUN   TestIsEndPointEqual/notEqualIP
    --- PASS: TestIsEndPointEqual/notEqualIP (0.00s)
</output>
        </test>
        <test duration="0" locationUrl="gotest://github.com/scaleway/terraform-provider-scaleway/v2/scaleway#TestIsEndPointEqual/notEqualZone" name="notEqualZone" status="passed">
            <output type="stdout">=== RUN   TestIsEndPointEqual/notEqualZone
    --- PASS: TestIsEndPointEqual/notEqualZone (0.00s)
</output>
        </test>
        <test duration="0" locationUrl="gotest://github.com/scaleway/terraform-provider-scaleway/v2/scaleway#TestIsEndPointEqual/notEqualMask" name="notEqualMask" status="passed">
            <output type="stdout">=== RUN   TestIsEndPointEqual/notEqualMask
    --- PASS: TestIsEndPointEqual/notEqualMask (0.00s)
</output>
        </test>
    </suite>
    <suite duration="0" locationUrl="gotest://github.com/scaleway/terraform-provider-scaleway/v2/scaleway#TestEndpointsToRemove" name="TestEndpointsToRemove" status="passed">
        <test duration="0" locationUrl="gotest://github.com/scaleway/terraform-provider-scaleway/v2/scaleway#TestEndpointsToRemove/removeAll" name="removeAll" status="passed">
            <output type="stdout">=== RUN   TestEndpointsToRemove/removeAll
    --- PASS: TestEndpointsToRemove/removeAll (0.00s)
</output>
        </test>
        <test duration="0" locationUrl="gotest://github.com/scaleway/terraform-provider-scaleway/v2/scaleway#TestEndpointsToRemove/shouldUpdatePrivateNetwork" name="shouldUpdatePrivateNetwork" status="passed">
            <output type="stdout">=== RUN   TestEndpointsToRemove/shouldUpdatePrivateNetwork
    --- PASS: TestEndpointsToRemove/shouldUpdatePrivateNetwork (0.00s)
</output>
        </test>
        <test duration="0" locationUrl="gotest://github.com/scaleway/terraform-provider-scaleway/v2/scaleway#TestEndpointsToRemove/shouldNotUpdatePrivateNetwork" name="shouldNotUpdatePrivateNetwork" status="passed">
            <output type="stdout">=== RUN   TestEndpointsToRemove/shouldNotUpdatePrivateNetwork
    --- PASS: TestEndpointsToRemove/shouldNotUpdatePrivateNetwork (0.00s)
</output>
        </test>
        <test duration="0" locationUrl="gotest://github.com/scaleway/terraform-provider-scaleway/v2/scaleway#TestEndpointsToRemove/shouldAddPrivateNetwork" name="shouldAddPrivateNetwork" status="passed">
            <output type="stdout">=== RUN   TestEndpointsToRemove/shouldAddPrivateNetwork
    --- PASS: TestEndpointsToRemove/shouldAddPrivateNetwork (0.00s)
</output>
        </test>
    </suite>
    <suite duration="0" locationUrl="gotest://github.com/scaleway/terraform-provider-scaleway/v2/scaleway#TestParseLocalizedID" name="TestParseLocalizedID" status="passed">
        <test duration="0" locationUrl="gotest://github.com/scaleway/terraform-provider-scaleway/v2/scaleway#TestParseLocalizedID/simple" name="simple" status="passed">
            <output type="stdout">=== RUN   TestParseLocalizedID/simple
    --- PASS: TestParseLocalizedID/simple (0.00s)
</output>
        </test>
        <test duration="0" locationUrl="gotest://github.com/scaleway/terraform-provider-scaleway/v2/scaleway#TestParseLocalizedID/id_with_a_region" name="id_with_a_region" status="passed">
            <output type="stdout">=== RUN   TestParseLocalizedID/id_with_a_region
    --- PASS: TestParseLocalizedID/id_with_a_region (0.00s)
</output>
        </test>
        <test duration="0" locationUrl="gotest://github.com/scaleway/terraform-provider-scaleway/v2/scaleway#TestParseLocalizedID/empty" name="empty" status="passed">
            <output type="stdout">=== RUN   TestParseLocalizedID/empty
    --- PASS: TestParseLocalizedID/empty (0.00s)
</output>
        </test>
        <test duration="0" locationUrl="gotest://github.com/scaleway/terraform-provider-scaleway/v2/scaleway#TestParseLocalizedID/without_locality" name="without_locality" status="passed">
            <output type="stdout">=== RUN   TestParseLocalizedID/without_locality
    --- PASS: TestParseLocalizedID/without_locality (0.00s)
</output>
        </test>
    </suite>
    <suite duration="0" locationUrl="gotest://github.com/scaleway/terraform-provider-scaleway/v2/scaleway#TestParseZonedID" name="TestParseZonedID" status="passed">
        <test duration="0" locationUrl="gotest://github.com/scaleway/terraform-provider-scaleway/v2/scaleway#TestParseZonedID/simple" name="simple" status="passed">
            <output type="stdout">=== RUN   TestParseZonedID/simple
    --- PASS: TestParseZonedID/simple (0.00s)
</output>
        </test>
        <test duration="0" locationUrl="gotest://github.com/scaleway/terraform-provider-scaleway/v2/scaleway#TestParseZonedID/empty" name="empty" status="passed">
            <output type="stdout">=== RUN   TestParseZonedID/empty
    --- PASS: TestParseZonedID/empty (0.00s)
</output>
        </test>
        <test duration="0" locationUrl="gotest://github.com/scaleway/terraform-provider-scaleway/v2/scaleway#TestParseZonedID/without_locality" name="without_locality" status="passed">
            <output type="stdout">=== RUN   TestParseZonedID/without_locality
    --- PASS: TestParseZonedID/without_locality (0.00s)
</output>
        </test>
    </suite>
    <suite duration="0" locationUrl="gotest://github.com/scaleway/terraform-provider-scaleway/v2/scaleway#TestParseRegionID" name="TestParseRegionID" status="passed">
        <test duration="0" locationUrl="gotest://github.com/scaleway/terraform-provider-scaleway/v2/scaleway#TestParseRegionID/simple" name="simple" status="passed">
            <output type="stdout">=== RUN   TestParseRegionID/simple
    --- PASS: TestParseRegionID/simple (0.00s)
</output>
        </test>
        <test duration="0" locationUrl="gotest://github.com/scaleway/terraform-provider-scaleway/v2/scaleway#TestParseRegionID/empty" name="empty" status="passed">
            <output type="stdout">=== RUN   TestParseRegionID/empty
    --- PASS: TestParseRegionID/empty (0.00s)
</output>
        </test>
        <test duration="0" locationUrl="gotest://github.com/scaleway/terraform-provider-scaleway/v2/scaleway#TestParseRegionID/without_locality" name="without_locality" status="passed">
            <output type="stdout">=== RUN   TestParseRegionID/without_locality
    --- PASS: TestParseRegionID/without_locality (0.00s)
</output>
        </test>
    </suite>
    <test duration="0" locationUrl="gotest://github.com/scaleway/terraform-provider-scaleway/v2/scaleway#TestNewZonedId" name="TestNewZonedId" status="passed">
        <output type="stdout">=== RUN   TestNewZonedId
--- PASS: TestNewZonedId (0.00s)
</output>
    </test>
    <test duration="0" locationUrl="gotest://github.com/scaleway/terraform-provider-scaleway/v2/scaleway#TestNewRegionalId" name="TestNewRegionalId" status="passed">
        <output type="stdout">=== RUN   TestNewRegionalId
--- PASS: TestNewRegionalId (0.00s)
</output>
    </test>
    <test duration="0" locationUrl="gotest://github.com/scaleway/terraform-provider-scaleway/v2/scaleway#TestIsHTTPCodeError" name="TestIsHTTPCodeError" status="passed">
        <output type="stdout">=== RUN   TestIsHTTPCodeError
--- PASS: TestIsHTTPCodeError (0.00s)
</output>
    </test>
    <test duration="0" locationUrl="gotest://github.com/scaleway/terraform-provider-scaleway/v2/scaleway#TestIs404Error" name="TestIs404Error" status="passed">
        <output type="stdout">=== RUN   TestIs404Error
--- PASS: TestIs404Error (0.00s)
</output>
    </test>
    <test duration="0" locationUrl="gotest://github.com/scaleway/terraform-provider-scaleway/v2/scaleway#TestIs403Error" name="TestIs403Error" status="passed">
        <output type="stdout">=== RUN   TestIs403Error
--- PASS: TestIs403Error (0.00s)
</output>
    </test>
    <test duration="0" locationUrl="gotest://github.com/scaleway/terraform-provider-scaleway/v2/scaleway#TestGetRandomName" name="TestGetRandomName" status="passed">
        <output type="stdout">=== RUN   TestGetRandomName
--- PASS: TestGetRandomName (0.00s)
</output>
    </test>
    <test duration="0" locationUrl="gotest://github.com/scaleway/terraform-provider-scaleway/v2/scaleway#TestStringHashcode" name="TestStringHashcode" status="passed">
        <output type="stdout">=== RUN   TestStringHashcode
--- PASS: TestStringHashcode (0.00s)
</output>
    </test>
    <test duration="0" locationUrl="gotest://github.com/scaleway/terraform-provider-scaleway/v2/scaleway#TestStringHashcode_positiveIndex" name="TestStringHashcode_positiveIndex" status="passed">
        <output type="stdout">=== RUN   TestStringHashcode_positiveIndex
--- PASS: TestStringHashcode_positiveIndex (0.00s)
</output>
    </test>
    <test duration="6030" locationUrl="gotest://github.com/scaleway/terraform-provider-scaleway/v2/scaleway#TestAccScalewayAccountSSHKey_basic" name="TestAccScalewayAccountSSHKey_basic" status="passed">
        <output type="stdout">=== RUN   TestAccScalewayAccountSSHKey_basic
=== PAUSE TestAccScalewayAccountSSHKey_basic
=== CONT  TestAccScalewayAccountSSHKey_basic
--- PASS: TestAccScalewayAccountSSHKey_basic (6.03s)
</output>
    </test>
    <test duration="1420" locationUrl="gotest://github.com/scaleway/terraform-provider-scaleway/v2/scaleway#TestAccScalewayAccountSSHKey_WithNewLine" name="TestAccScalewayAccountSSHKey_WithNewLine" status="passed">
        <output type="stdout">=== RUN   TestAccScalewayAccountSSHKey_WithNewLine
=== PAUSE TestAccScalewayAccountSSHKey_WithNewLine
=== CONT  TestAccScalewayAccountSSHKey_WithNewLine
--- PASS: TestAccScalewayAccountSSHKey_WithNewLine (1.42s)
</output>
    </test>
    <test duration="0" locationUrl="gotest://github.com/scaleway/terraform-provider-scaleway/v2/scaleway#TestAccScalewayAppleSiliconServer_Basic" name="TestAccScalewayAppleSiliconServer_Basic" status="ignored">
        <output type="stdout">=== RUN   TestAccScalewayAppleSiliconServer_Basic
    resource_apple_silicon_server_test.go:44: Skipping AppleSilicon test as this kind of server can't be deleted before 24h
--- SKIP: TestAccScalewayAppleSiliconServer_Basic (0.00s)
</output>
    </test>
    <test duration="0" locationUrl="gotest://github.com/scaleway/terraform-provider-scaleway/v2/scaleway#TestAccScalewayBaremetalServer_Basic" name="TestAccScalewayBaremetalServer_Basic" status="ignored">
        <output type="stdout">=== RUN   TestAccScalewayBaremetalServer_Basic
    resource_baremetal_server_test.go:45: Skipping Baremetal Server test as no stock is available currently
--- SKIP: TestAccScalewayBaremetalServer_Basic (0.00s)
</output>
    </test>
    <test duration="8430" locationUrl="gotest://github.com/scaleway/terraform-provider-scaleway/v2/scaleway#TestAccScalewayContainerNamespace_Basic" name="TestAccScalewayContainerNamespace_Basic" status="passed">
        <output type="stdout">=== RUN   TestAccScalewayContainerNamespace_Basic
=== PAUSE TestAccScalewayContainerNamespace_Basic
=== CONT  TestAccScalewayContainerNamespace_Basic
--- PASS: TestAccScalewayContainerNamespace_Basic (8.43s)
</output>
    </test>
    <test duration="15170" locationUrl="gotest://github.com/scaleway/terraform-provider-scaleway/v2/scaleway#TestAccScalewayDomainRecord_Basic" name="TestAccScalewayDomainRecord_Basic" status="failed">
        <output type="stdout">=== RUN   TestAccScalewayDomainRecord_Basic
2022/03/23 17:42:11 [DEBUG] TestAccScalewayDomainRecord_Basic: test dns zone: test-basic.
=== PAUSE TestAccScalewayDomainRecord_Basic
=== CONT  TestAccScalewayDomainRecord_Basic
=== CONT  TestAccScalewayDomainRecord_Basic
    resource_domain_record_test.go:70: Step 1/4 error: Error running apply: exit status 1
        
        Error: scaleway-sdk-go: error executing request: Patch "https://api.scaleway.com/domain/v2beta1/dns-zones/test-basic./records": PATCH https://api.scaleway.com/domain/v2beta1/dns-zones/test-basic./records giving up after 4 attempt(s): Patch "https://api.scaleway.com/domain/v2beta1/dns-zones/test-basic./records": Requested interaction not found
        
          with scaleway_domain_record.tf_A,
          on terraform_plugin_test.tf line 2, in resource "scaleway_domain_record" "tf_A":
           2: 					resource "scaleway_domain_record" "tf_A" {
        
--- FAIL: TestAccScalewayDomainRecord_Basic (15.17s)
</output>
    </test>
    <test duration="14970" locationUrl="gotest://github.com/scaleway/terraform-provider-scaleway/v2/scaleway#TestAccScalewayDomainRecord_GeoIP" name="TestAccScalewayDomainRecord_GeoIP" status="failed">
        <output type="stdout">=== RUN   TestAccScalewayDomainRecord_GeoIP
2022/03/23 17:42:11 [DEBUG] TestAccScalewayDomainRecord_GeoIP: test dns zone: test-geoip.
=== PAUSE TestAccScalewayDomainRecord_GeoIP
=== CONT  TestAccScalewayDomainRecord_GeoIP
=== CONT  TestAccScalewayDomainRecord_GeoIP
    resource_domain_record_test.go:189: Step 1/2 error: Error running apply: exit status 1
        
        Error: scaleway-sdk-go: error executing request: Patch "https://api.scaleway.com/domain/v2beta1/dns-zones/test-geoip./records": PATCH https://api.scaleway.com/domain/v2beta1/dns-zones/test-geoip./records giving up after 4 attempt(s): Patch "https://api.scaleway.com/domain/v2beta1/dns-zones/test-geoip./records": Requested interaction not found
        
          with scaleway_domain_record.tf_A_geo_ip,
          on terraform_plugin_test.tf line 2, in resource "scaleway_domain_record" "tf_A_geo_ip":
           2: 					resource "scaleway_domain_record" "tf_A_geo_ip" {
        
--- FAIL: TestAccScalewayDomainRecord_GeoIP (14.97s)
</output>
    </test>
    <test duration="15380" locationUrl="gotest://github.com/scaleway/terraform-provider-scaleway/v2/scaleway#TestAccScalewayDomainRecord_HTTPService" name="TestAccScalewayDomainRecord_HTTPService" status="failed">
        <output type="stdout">=== RUN   TestAccScalewayDomainRecord_HTTPService
2022/03/23 17:42:11 [DEBUG] TestAccScalewayDomainRecord_HTTPService: test dns zone: test-httpservice.
=== PAUSE TestAccScalewayDomainRecord_HTTPService
=== CONT  TestAccScalewayDomainRecord_HTTPService
=== CONT  TestAccScalewayDomainRecord_HTTPService
    resource_domain_record_test.go:285: Step 1/2 error: Error running apply: exit status 1
        
        Error: scaleway-sdk-go: error executing request: Patch "https://api.scaleway.com/domain/v2beta1/dns-zones/test-httpservice./records": PATCH https://api.scaleway.com/domain/v2beta1/dns-zones/test-httpservice./records giving up after 4 attempt(s): Patch "https://api.scaleway.com/domain/v2beta1/dns-zones/test-httpservice./records": Requested interaction not found
        
          with scaleway_domain_record.tf_A_http_service,
          on terraform_plugin_test.tf line 2, in resource "scaleway_domain_record" "tf_A_http_service":
           2: 					resource "scaleway_domain_record" "tf_A_http_service" {
        
--- FAIL: TestAccScalewayDomainRecord_HTTPService (15.38s)
</output>
    </test>
    <test duration="15410" locationUrl="gotest://github.com/scaleway/terraform-provider-scaleway/v2/scaleway#TestAccScalewayDomainRecord_View" name="TestAccScalewayDomainRecord_View" status="failed">
        <output type="stdout">=== RUN   TestAccScalewayDomainRecord_View
2022/03/23 17:42:11 [DEBUG] TestAccScalewayDomainRecord_View: test dns zone: test-view.
=== PAUSE TestAccScalewayDomainRecord_View
=== CONT  TestAccScalewayDomainRecord_View
=== CONT  TestAccScalewayDomainRecord_View
    resource_domain_record_test.go:372: Step 1/2 error: Error running apply: exit status 1
        
        Error: scaleway-sdk-go: error executing request: Patch "https://api.scaleway.com/domain/v2beta1/dns-zones/test-view./records": PATCH https://api.scaleway.com/domain/v2beta1/dns-zones/test-view./records giving up after 4 attempt(s): Patch "https://api.scaleway.com/domain/v2beta1/dns-zones/test-view./records": Requested interaction not found
        
          with scaleway_domain_record.tf_A_view,
          on terraform_plugin_test.tf line 2, in resource "scaleway_domain_record" "tf_A_view":
           2: 					resource "scaleway_domain_record" "tf_A_view" {
        
--- FAIL: TestAccScalewayDomainRecord_View (15.41s)
</output>
    </test>
    <test duration="15570" locationUrl="gotest://github.com/scaleway/terraform-provider-scaleway/v2/scaleway#TestAccScalewayDomainRecord_Weighted" name="TestAccScalewayDomainRecord_Weighted" status="failed">
        <output type="stdout">=== RUN   TestAccScalewayDomainRecord_Weighted
2022/03/23 17:42:11 [DEBUG] TestAccScalewayDomainRecord_Weighted: test dns zone: test-weighted.
=== PAUSE TestAccScalewayDomainRecord_Weighted
=== CONT  TestAccScalewayDomainRecord_Weighted
=== CONT  TestAccScalewayDomainRecord_Weighted
    resource_domain_record_test.go:464: Step 1/2 error: Error running apply: exit status 1
        
        Error: scaleway-sdk-go: error executing request: Patch "https://api.scaleway.com/domain/v2beta1/dns-zones/test-weighted./records": PATCH https://api.scaleway.com/domain/v2beta1/dns-zones/test-weighted./records giving up after 4 attempt(s): Patch "https://api.scaleway.com/domain/v2beta1/dns-zones/test-weighted./records": Requested interaction not found
        
          with scaleway_domain_record.tf_A_weighted,
          on terraform_plugin_test.tf line 2, in resource "scaleway_domain_record" "tf_A_weighted":
           2: 					resource "scaleway_domain_record" "tf_A_weighted" {
        
--- FAIL: TestAccScalewayDomainRecord_Weighted (15.57s)
</output>
    </test>
    <test duration="15920" locationUrl="gotest://github.com/scaleway/terraform-provider-scaleway/v2/scaleway#TestAccScalewayDomainZone_Basic" name="TestAccScalewayDomainZone_Basic" status="failed">
        <output type="stdout">=== RUN   TestAccScalewayDomainZone_Basic
2022/03/23 17:42:11 [DEBUG] TestAccScalewayDomainZone_Basic: test dns zone: test-zone, with domain: 
=== PAUSE TestAccScalewayDomainZone_Basic
=== CONT  TestAccScalewayDomainZone_Basic
=== CONT  TestAccScalewayDomainZone_Basic
    resource_domain_zone_test.go:19: Step 1/1 error: Error running apply: exit status 1
        
        Error: scaleway-sdk-go: error executing request: Get "https://api.scaleway.com/domain/v2beta1/dns-zones?dns_zone=test-zone.&amp;domain=&amp;order_by=domain_asc": GET https://api.scaleway.com/domain/v2beta1/dns-zones?dns_zone=test-zone.&amp;domain=&amp;order_by=domain_asc giving up after 4 attempt(s): Get "https://api.scaleway.com/domain/v2beta1/dns-zones?dns_zone=test-zone.&amp;domain=&amp;order_by=domain_asc": Requested interaction not found
        
          with scaleway_domain_zone.test,
          on terraform_plugin_test.tf line 2, in resource "scaleway_domain_zone" "test":
           2: 					resource "scaleway_domain_zone" "test" {
        
--- FAIL: TestAccScalewayDomainZone_Basic (15.92s)
</output>
    </test>
    <test duration="8800" locationUrl="gotest://github.com/scaleway/terraform-provider-scaleway/v2/scaleway#TestAccScalewayFunctionNamespace_Basic" name="TestAccScalewayFunctionNamespace_Basic" status="passed">
        <output type="stdout">=== RUN   TestAccScalewayFunctionNamespace_Basic
=== PAUSE TestAccScalewayFunctionNamespace_Basic
=== CONT  TestAccScalewayFunctionNamespace_Basic
--- PASS: TestAccScalewayFunctionNamespace_Basic (8.80s)
</output>
    </test>
    <test duration="3130" locationUrl="gotest://github.com/scaleway/terraform-provider-scaleway/v2/scaleway#TestAccScalewayFunctionNamespace_NoName" name="TestAccScalewayFunctionNamespace_NoName" status="passed">
        <output type="stdout">=== RUN   TestAccScalewayFunctionNamespace_NoName
=== PAUSE TestAccScalewayFunctionNamespace_NoName
=== CONT  TestAccScalewayFunctionNamespace_NoName
--- PASS: TestAccScalewayFunctionNamespace_NoName (3.13s)
</output>
    </test>
    <test duration="5990" locationUrl="gotest://github.com/scaleway/terraform-provider-scaleway/v2/scaleway#TestAccScalewayFunctionNamespace_EnvironmentVariables" name="TestAccScalewayFunctionNamespace_EnvironmentVariables" status="passed">
        <output type="stdout">=== RUN   TestAccScalewayFunctionNamespace_EnvironmentVariables
=== PAUSE TestAccScalewayFunctionNamespace_EnvironmentVariables
=== CONT  TestAccScalewayFunctionNamespace_EnvironmentVariables
--- PASS: TestAccScalewayFunctionNamespace_EnvironmentVariables (5.99s)
</output>
    </test>
    <test duration="8410" locationUrl="gotest://github.com/scaleway/terraform-provider-scaleway/v2/scaleway#TestAccScalewayInstanceIPReverseDns_Basic" name="TestAccScalewayInstanceIPReverseDns_Basic" status="passed">
        <output type="stdout">=== RUN   TestAccScalewayInstanceIPReverseDns_Basic
=== PAUSE TestAccScalewayInstanceIPReverseDns_Basic
=== CONT  TestAccScalewayInstanceIPReverseDns_Basic
--- PASS: TestAccScalewayInstanceIPReverseDns_Basic (8.41s)
</output>
    </test>
    <test duration="3480" locationUrl="gotest://github.com/scaleway/terraform-provider-scaleway/v2/scaleway#TestAccScalewayInstanceIP_Basic" name="TestAccScalewayInstanceIP_Basic" status="passed">
        <output type="stdout">=== RUN   TestAccScalewayInstanceIP_Basic
=== PAUSE TestAccScalewayInstanceIP_Basic
=== CONT  TestAccScalewayInstanceIP_Basic
--- PASS: TestAccScalewayInstanceIP_Basic (3.48s)
</output>
    </test>
    <test duration="5100" locationUrl="gotest://github.com/scaleway/terraform-provider-scaleway/v2/scaleway#TestAccScalewayInstanceIP_WithZone" name="TestAccScalewayInstanceIP_WithZone" status="passed">
        <output type="stdout">=== RUN   TestAccScalewayInstanceIP_WithZone
=== PAUSE TestAccScalewayInstanceIP_WithZone
=== CONT  TestAccScalewayInstanceIP_WithZone
--- PASS: TestAccScalewayInstanceIP_WithZone (5.10s)
</output>
    </test>
    <test duration="7850" locationUrl="gotest://github.com/scaleway/terraform-provider-scaleway/v2/scaleway#TestAccScalewayInstanceIP_Tags" name="TestAccScalewayInstanceIP_Tags" status="passed">
        <output type="stdout">=== RUN   TestAccScalewayInstanceIP_Tags
=== PAUSE TestAccScalewayInstanceIP_Tags
=== CONT  TestAccScalewayInstanceIP_Tags
--- PASS: TestAccScalewayInstanceIP_Tags (7.85s)
</output>
    </test>
    <test duration="8820" locationUrl="gotest://github.com/scaleway/terraform-provider-scaleway/v2/scaleway#TestAccScalewayInstancePlacementGroup_Basic" name="TestAccScalewayInstancePlacementGroup_Basic" status="passed">
        <output type="stdout">=== RUN   TestAccScalewayInstancePlacementGroup_Basic
=== PAUSE TestAccScalewayInstancePlacementGroup_Basic
=== CONT  TestAccScalewayInstancePlacementGroup_Basic
--- PASS: TestAccScalewayInstancePlacementGroup_Basic (8.82s)
</output>
    </test>
    <test duration="6730" locationUrl="gotest://github.com/scaleway/terraform-provider-scaleway/v2/scaleway#TestAccScalewayInstancePlacementGroup_Rename" name="TestAccScalewayInstancePlacementGroup_Rename" status="passed">
        <output type="stdout">=== RUN   TestAccScalewayInstancePlacementGroup_Rename
=== PAUSE TestAccScalewayInstancePlacementGroup_Rename
=== CONT  TestAccScalewayInstancePlacementGroup_Rename
--- PASS: TestAccScalewayInstancePlacementGroup_Rename (6.73s)
</output>
    </test>
    <test duration="9190" locationUrl="gotest://github.com/scaleway/terraform-provider-scaleway/v2/scaleway#TestAccScalewayInstancePlacementGroup_Tags" name="TestAccScalewayInstancePlacementGroup_Tags" status="passed">
        <output type="stdout">=== RUN   TestAccScalewayInstancePlacementGroup_Tags
=== PAUSE TestAccScalewayInstancePlacementGroup_Tags
=== CONT  TestAccScalewayInstancePlacementGroup_Tags
--- PASS: TestAccScalewayInstancePlacementGroup_Tags (9.19s)
</output>
    </test>
    <test duration="4200" locationUrl="gotest://github.com/scaleway/terraform-provider-scaleway/v2/scaleway#TestAccScalewayInstancePrivateNIC_Basic" name="TestAccScalewayInstancePrivateNIC_Basic" status="passed">
        <output type="stdout">=== RUN   TestAccScalewayInstancePrivateNIC_Basic
=== PAUSE TestAccScalewayInstancePrivateNIC_Basic
=== CONT  TestAccScalewayInstancePrivateNIC_Basic
--- PASS: TestAccScalewayInstancePrivateNIC_Basic (4.20s)
</output>
    </test>
    <test duration="3770" locationUrl="gotest://github.com/scaleway/terraform-provider-scaleway/v2/scaleway#TestAccScalewayInstanceSecurityGroupRules_Basic" name="TestAccScalewayInstanceSecurityGroupRules_Basic" status="passed">
        <output type="stdout">=== RUN   TestAccScalewayInstanceSecurityGroupRules_Basic
--- PASS: TestAccScalewayInstanceSecurityGroupRules_Basic (3.77s)
</output>
    </test>
    <test duration="1540" locationUrl="gotest://github.com/scaleway/terraform-provider-scaleway/v2/scaleway#TestAccScalewayInstanceSecurityGroupRules_IPRanges" name="TestAccScalewayInstanceSecurityGroupRules_IPRanges" status="passed">
        <output type="stdout">=== RUN   TestAccScalewayInstanceSecurityGroupRules_IPRanges
--- PASS: TestAccScalewayInstanceSecurityGroupRules_IPRanges (1.54s)
</output>
    </test>
    <test duration="1500" locationUrl="gotest://github.com/scaleway/terraform-provider-scaleway/v2/scaleway#TestAccScalewayInstanceSecurityGroupRules_Basic2" name="TestAccScalewayInstanceSecurityGroupRules_Basic2" status="passed">
        <output type="stdout">=== RUN   TestAccScalewayInstanceSecurityGroupRules_Basic2
--- PASS: TestAccScalewayInstanceSecurityGroupRules_Basic2 (1.50s)
</output>
    </test>
    <test duration="2880" locationUrl="gotest://github.com/scaleway/terraform-provider-scaleway/v2/scaleway#TestAccScalewayInstanceSecurityGroup_Basic" name="TestAccScalewayInstanceSecurityGroup_Basic" status="passed">
        <output type="stdout">=== RUN   TestAccScalewayInstanceSecurityGroup_Basic
--- PASS: TestAccScalewayInstanceSecurityGroup_Basic (2.88s)
</output>
    </test>
    <test duration="2029" locationUrl="gotest://github.com/scaleway/terraform-provider-scaleway/v2/scaleway#TestAccScalewayInstanceSecurityGroup_ICMP" name="TestAccScalewayInstanceSecurityGroup_ICMP" status="passed">
        <output type="stdout">=== RUN   TestAccScalewayInstanceSecurityGroup_ICMP
--- PASS: TestAccScalewayInstanceSecurityGroup_ICMP (2.03s)
</output>
    </test>
    <test duration="1160" locationUrl="gotest://github.com/scaleway/terraform-provider-scaleway/v2/scaleway#TestAccScalewayInstanceSecurityGroup_ANY" name="TestAccScalewayInstanceSecurityGroup_ANY" status="passed">
        <output type="stdout">=== RUN   TestAccScalewayInstanceSecurityGroup_ANY
--- PASS: TestAccScalewayInstanceSecurityGroup_ANY (1.16s)
</output>
    </test>
    <test duration="1190" locationUrl="gotest://github.com/scaleway/terraform-provider-scaleway/v2/scaleway#TestAccScalewayInstanceSecurityGroup_WithNoPort" name="TestAccScalewayInstanceSecurityGroup_WithNoPort" status="passed">
        <output type="stdout">=== RUN   TestAccScalewayInstanceSecurityGroup_WithNoPort
--- PASS: TestAccScalewayInstanceSecurityGroup_WithNoPort (1.19s)
</output>
    </test>
    <test duration="2040" locationUrl="gotest://github.com/scaleway/terraform-provider-scaleway/v2/scaleway#TestAccScalewayInstanceSecurityGroup_RemovePort" name="TestAccScalewayInstanceSecurityGroup_RemovePort" status="passed">
        <output type="stdout">=== RUN   TestAccScalewayInstanceSecurityGroup_RemovePort
--- PASS: TestAccScalewayInstanceSecurityGroup_RemovePort (2.04s)
</output>
    </test>
    <test duration="2910" locationUrl="gotest://github.com/scaleway/terraform-provider-scaleway/v2/scaleway#TestAccScalewayInstanceSecurityGroup_WithPortRange" name="TestAccScalewayInstanceSecurityGroup_WithPortRange" status="passed">
        <output type="stdout">=== RUN   TestAccScalewayInstanceSecurityGroup_WithPortRange
--- PASS: TestAccScalewayInstanceSecurityGroup_WithPortRange (2.91s)
</output>
    </test>
    <test duration="2970" locationUrl="gotest://github.com/scaleway/terraform-provider-scaleway/v2/scaleway#TestAccScalewayInstanceSecurityGroup_Tags" name="TestAccScalewayInstanceSecurityGroup_Tags" status="passed">
        <output type="stdout">=== RUN   TestAccScalewayInstanceSecurityGroup_Tags
--- PASS: TestAccScalewayInstanceSecurityGroup_Tags (2.97s)
</output>
    </test>
    <test duration="1990" locationUrl="gotest://github.com/scaleway/terraform-provider-scaleway/v2/scaleway#TestAccScalewayInstanceSecurityGroup_EnableDefaultSecurity" name="TestAccScalewayInstanceSecurityGroup_EnableDefaultSecurity" status="passed">
        <output type="stdout">=== RUN   TestAccScalewayInstanceSecurityGroup_EnableDefaultSecurity
--- PASS: TestAccScalewayInstanceSecurityGroup_EnableDefaultSecurity (1.99s)
</output>
    </test>
    <test duration="4640" locationUrl="gotest://github.com/scaleway/terraform-provider-scaleway/v2/scaleway#TestAccScalewayInstanceServer_Minimal1" name="TestAccScalewayInstanceServer_Minimal1" status="passed">
        <output type="stdout">=== RUN   TestAccScalewayInstanceServer_Minimal1
=== PAUSE TestAccScalewayInstanceServer_Minimal1
=== CONT  TestAccScalewayInstanceServer_Minimal1
--- PASS: TestAccScalewayInstanceServer_Minimal1 (4.64s)
</output>
    </test>
    <test duration="1480" locationUrl="gotest://github.com/scaleway/terraform-provider-scaleway/v2/scaleway#TestAccScalewayInstanceServer_RootVolume1" name="TestAccScalewayInstanceServer_RootVolume1" status="passed">
        <output type="stdout">=== RUN   TestAccScalewayInstanceServer_RootVolume1
=== PAUSE TestAccScalewayInstanceServer_RootVolume1
=== CONT  TestAccScalewayInstanceServer_RootVolume1
--- PASS: TestAccScalewayInstanceServer_RootVolume1 (1.48s)
</output>
    </test>
    <test duration="6940" locationUrl="gotest://github.com/scaleway/terraform-provider-scaleway/v2/scaleway#TestAccScalewayInstanceServer_Basic" name="TestAccScalewayInstanceServer_Basic" status="passed">
        <output type="stdout">=== RUN   TestAccScalewayInstanceServer_Basic
=== PAUSE TestAccScalewayInstanceServer_Basic
=== CONT  TestAccScalewayInstanceServer_Basic
--- PASS: TestAccScalewayInstanceServer_Basic (6.94s)
</output>
    </test>
    <test duration="9340" locationUrl="gotest://github.com/scaleway/terraform-provider-scaleway/v2/scaleway#TestAccScalewayInstanceServer_State1" name="TestAccScalewayInstanceServer_State1" status="passed">
        <output type="stdout">=== RUN   TestAccScalewayInstanceServer_State1
=== PAUSE TestAccScalewayInstanceServer_State1
=== CONT  TestAccScalewayInstanceServer_State1
--- PASS: TestAccScalewayInstanceServer_State1 (9.34s)
</output>
    </test>
    <test duration="6930" locationUrl="gotest://github.com/scaleway/terraform-provider-scaleway/v2/scaleway#TestAccScalewayInstanceServer_State2" name="TestAccScalewayInstanceServer_State2" status="passed">
        <output type="stdout">=== RUN   TestAccScalewayInstanceServer_State2
=== PAUSE TestAccScalewayInstanceServer_State2
=== CONT  TestAccScalewayInstanceServer_State2
--- PASS: TestAccScalewayInstanceServer_State2 (6.93s)
</output>
    </test>
    <test duration="2590" locationUrl="gotest://github.com/scaleway/terraform-provider-scaleway/v2/scaleway#TestAccScalewayInstanceServer_UserData_WithCloudInitAtStart" name="TestAccScalewayInstanceServer_UserData_WithCloudInitAtStart" status="passed">
        <output type="stdout">=== RUN   TestAccScalewayInstanceServer_UserData_WithCloudInitAtStart
=== PAUSE TestAccScalewayInstanceServer_UserData_WithCloudInitAtStart
=== CONT  TestAccScalewayInstanceServer_UserData_WithCloudInitAtStart
--- PASS: TestAccScalewayInstanceServer_UserData_WithCloudInitAtStart (2.59s)
</output>
    </test>
    <test duration="4640" locationUrl="gotest://github.com/scaleway/terraform-provider-scaleway/v2/scaleway#TestAccScalewayInstanceServer_UserData_WithoutCloudInitAtStart" name="TestAccScalewayInstanceServer_UserData_WithoutCloudInitAtStart" status="passed">
        <output type="stdout">=== RUN   TestAccScalewayInstanceServer_UserData_WithoutCloudInitAtStart
=== PAUSE TestAccScalewayInstanceServer_UserData_WithoutCloudInitAtStart
=== CONT  TestAccScalewayInstanceServer_UserData_WithoutCloudInitAtStart
--- PASS: TestAccScalewayInstanceServer_UserData_WithoutCloudInitAtStart (4.64s)
</output>
    </test>
    <test duration="3540" locationUrl="gotest://github.com/scaleway/terraform-provider-scaleway/v2/scaleway#TestAccScalewayInstanceServer_AdditionalVolumes" name="TestAccScalewayInstanceServer_AdditionalVolumes" status="passed">
        <output type="stdout">=== RUN   TestAccScalewayInstanceServer_AdditionalVolumes
=== PAUSE TestAccScalewayInstanceServer_AdditionalVolumes
=== CONT  TestAccScalewayInstanceServer_AdditionalVolumes
--- PASS: TestAccScalewayInstanceServer_AdditionalVolumes (3.54s)
</output>
    </test>
    <test duration="4270" locationUrl="gotest://github.com/scaleway/terraform-provider-scaleway/v2/scaleway#TestAccScalewayInstanceServer_WithPlacementGroup" name="TestAccScalewayInstanceServer_WithPlacementGroup" status="passed">
        <output type="stdout">=== RUN   TestAccScalewayInstanceServer_WithPlacementGroup
=== PAUSE TestAccScalewayInstanceServer_WithPlacementGroup
=== CONT  TestAccScalewayInstanceServer_WithPlacementGroup
--- PASS: TestAccScalewayInstanceServer_WithPlacementGroup (4.27s)
</output>
    </test>
    <test duration="3150" locationUrl="gotest://github.com/scaleway/terraform-provider-scaleway/v2/scaleway#TestAccScalewayInstanceServer_Ipv6" name="TestAccScalewayInstanceServer_Ipv6" status="passed">
        <output type="stdout">=== RUN   TestAccScalewayInstanceServer_Ipv6
=== PAUSE TestAccScalewayInstanceServer_Ipv6
=== CONT  TestAccScalewayInstanceServer_Ipv6
--- PASS: TestAccScalewayInstanceServer_Ipv6 (3.15s)
</output>
    </test>
    <test duration="4310" locationUrl="gotest://github.com/scaleway/terraform-provider-scaleway/v2/scaleway#TestAccScalewayInstanceServer_Basic2" name="TestAccScalewayInstanceServer_Basic2" status="passed">
        <output type="stdout">=== RUN   TestAccScalewayInstanceServer_Basic2
=== PAUSE TestAccScalewayInstanceServer_Basic2
=== CONT  TestAccScalewayInstanceServer_Basic2
--- PASS: TestAccScalewayInstanceServer_Basic2 (4.31s)
</output>
    </test>
    <test duration="13010" locationUrl="gotest://github.com/scaleway/terraform-provider-scaleway/v2/scaleway#TestAccScalewayInstanceServer_WithReservedIP" name="TestAccScalewayInstanceServer_WithReservedIP" status="passed">
        <output type="stdout">=== RUN   TestAccScalewayInstanceServer_WithReservedIP
=== PAUSE TestAccScalewayInstanceServer_WithReservedIP
=== CONT  TestAccScalewayInstanceServer_WithReservedIP
--- PASS: TestAccScalewayInstanceServer_WithReservedIP (13.01s)
</output>
    </test>
    <test duration="2270" locationUrl="gotest://github.com/scaleway/terraform-provider-scaleway/v2/scaleway#TestAccScalewayInstanceServer_Bootscript" name="TestAccScalewayInstanceServer_Bootscript" status="passed">
        <output type="stdout">=== RUN   TestAccScalewayInstanceServer_Bootscript
=== PAUSE TestAccScalewayInstanceServer_Bootscript
=== CONT  TestAccScalewayInstanceServer_Bootscript
--- PASS: TestAccScalewayInstanceServer_Bootscript (2.27s)
</output>
    </test>
    <test duration="5460" locationUrl="gotest://github.com/scaleway/terraform-provider-scaleway/v2/scaleway#TestAccScalewayInstanceServer_AlterTags" name="TestAccScalewayInstanceServer_AlterTags" status="passed">
        <output type="stdout">=== RUN   TestAccScalewayInstanceServer_AlterTags
=== PAUSE TestAccScalewayInstanceServer_AlterTags
=== CONT  TestAccScalewayInstanceServer_AlterTags
--- PASS: TestAccScalewayInstanceServer_AlterTags (5.46s)
</output>
    </test>
    <test duration="3300" locationUrl="gotest://github.com/scaleway/terraform-provider-scaleway/v2/scaleway#TestAccScalewayInstanceServer_WithDefaultRootVolumeAndAdditionalVolume" name="TestAccScalewayInstanceServer_WithDefaultRootVolumeAndAdditionalVolume" status="passed">
        <output type="stdout">=== RUN   TestAccScalewayInstanceServer_WithDefaultRootVolumeAndAdditionalVolume
=== PAUSE TestAccScalewayInstanceServer_WithDefaultRootVolumeAndAdditionalVolume
=== CONT  TestAccScalewayInstanceServer_WithDefaultRootVolumeAndAdditionalVolume
--- PASS: TestAccScalewayInstanceServer_WithDefaultRootVolumeAndAdditionalVolume (3.30s)
</output>
    </test>
    <test duration="1610" locationUrl="gotest://github.com/scaleway/terraform-provider-scaleway/v2/scaleway#TestAccScalewayInstanceServer_Enterprise" name="TestAccScalewayInstanceServer_Enterprise" status="passed">
        <output type="stdout">=== RUN   TestAccScalewayInstanceServer_Enterprise
=== PAUSE TestAccScalewayInstanceServer_Enterprise
=== CONT  TestAccScalewayInstanceServer_Enterprise
--- PASS: TestAccScalewayInstanceServer_Enterprise (1.61s)
</output>
    </test>
    <test duration="2810" locationUrl="gotest://github.com/scaleway/terraform-provider-scaleway/v2/scaleway#TestAccScalewayInstanceServer_ServerWithBlockNonDefaultZone" name="TestAccScalewayInstanceServer_ServerWithBlockNonDefaultZone" status="passed">
        <output type="stdout">=== RUN   TestAccScalewayInstanceServer_ServerWithBlockNonDefaultZone
=== PAUSE TestAccScalewayInstanceServer_ServerWithBlockNonDefaultZone
=== CONT  TestAccScalewayInstanceServer_ServerWithBlockNonDefaultZone
--- PASS: TestAccScalewayInstanceServer_ServerWithBlockNonDefaultZone (2.81s)
</output>
    </test>
    <test duration="13240" locationUrl="gotest://github.com/scaleway/terraform-provider-scaleway/v2/scaleway#TestAccScalewayInstanceServer_PrivateNetwork" name="TestAccScalewayInstanceServer_PrivateNetwork" status="passed">
        <output type="stdout">=== RUN   TestAccScalewayInstanceServer_PrivateNetwork
=== PAUSE TestAccScalewayInstanceServer_PrivateNetwork
=== CONT  TestAccScalewayInstanceServer_PrivateNetwork
--- PASS: TestAccScalewayInstanceServer_PrivateNetwork (13.24s)
</output>
    </test>
    <test duration="1220" locationUrl="gotest://github.com/scaleway/terraform-provider-scaleway/v2/scaleway#TestAccScalewayInstanceSnapshot_BlockVolume" name="TestAccScalewayInstanceSnapshot_BlockVolume" status="passed">
        <output type="stdout">=== RUN   TestAccScalewayInstanceSnapshot_BlockVolume
--- PASS: TestAccScalewayInstanceSnapshot_BlockVolume (1.22s)
</output>
    </test>
    <test duration="1240" locationUrl="gotest://github.com/scaleway/terraform-provider-scaleway/v2/scaleway#TestAccScalewayInstanceSnapshot_Server" name="TestAccScalewayInstanceSnapshot_Server" status="passed">
        <output type="stdout">=== RUN   TestAccScalewayInstanceSnapshot_Server
--- PASS: TestAccScalewayInstanceSnapshot_Server (1.24s)
</output>
    </test>
    <test duration="1290" locationUrl="gotest://github.com/scaleway/terraform-provider-scaleway/v2/scaleway#TestAccScalewayInstanceSnapshot_ServerWithBlockVolume" name="TestAccScalewayInstanceSnapshot_ServerWithBlockVolume" status="passed">
        <output type="stdout">=== RUN   TestAccScalewayInstanceSnapshot_ServerWithBlockVolume
--- PASS: TestAccScalewayInstanceSnapshot_ServerWithBlockVolume (1.29s)
</output>
    </test>
    <test duration="2110" locationUrl="gotest://github.com/scaleway/terraform-provider-scaleway/v2/scaleway#TestAccScalewayInstanceSnapshot_RenameSnapshot" name="TestAccScalewayInstanceSnapshot_RenameSnapshot" status="passed">
        <output type="stdout">=== RUN   TestAccScalewayInstanceSnapshot_RenameSnapshot
--- PASS: TestAccScalewayInstanceSnapshot_RenameSnapshot (2.11s)
</output>
    </test>
    <test duration="2009" locationUrl="gotest://github.com/scaleway/terraform-provider-scaleway/v2/scaleway#TestAccScalewayInstanceVolume_Basic" name="TestAccScalewayInstanceVolume_Basic" status="passed">
        <output type="stdout">=== RUN   TestAccScalewayInstanceVolume_Basic
--- PASS: TestAccScalewayInstanceVolume_Basic (2.01s)
</output>
    </test>
    <test duration="1210" locationUrl="gotest://github.com/scaleway/terraform-provider-scaleway/v2/scaleway#TestAccScalewayInstanceVolume_FromVolume" name="TestAccScalewayInstanceVolume_FromVolume" status="passed">
        <output type="stdout">=== RUN   TestAccScalewayInstanceVolume_FromVolume
--- PASS: TestAccScalewayInstanceVolume_FromVolume (1.21s)
</output>
    </test>
    <test duration="2160" locationUrl="gotest://github.com/scaleway/terraform-provider-scaleway/v2/scaleway#TestAccScalewayInstanceVolume_DifferentNameGenerated" name="TestAccScalewayInstanceVolume_DifferentNameGenerated" status="passed">
        <output type="stdout">=== RUN   TestAccScalewayInstanceVolume_DifferentNameGenerated
--- PASS: TestAccScalewayInstanceVolume_DifferentNameGenerated (2.16s)
</output>
    </test>
    <test duration="2020" locationUrl="gotest://github.com/scaleway/terraform-provider-scaleway/v2/scaleway#TestAccScalewayInstanceVolume_ResizeBlock" name="TestAccScalewayInstanceVolume_ResizeBlock" status="passed">
        <output type="stdout">=== RUN   TestAccScalewayInstanceVolume_ResizeBlock
--- PASS: TestAccScalewayInstanceVolume_ResizeBlock (2.02s)
</output>
    </test>
    <test duration="1560" locationUrl="gotest://github.com/scaleway/terraform-provider-scaleway/v2/scaleway#TestAccScalewayInstanceVolume_ResizeNotBlock" name="TestAccScalewayInstanceVolume_ResizeNotBlock" status="passed">
        <output type="stdout">=== RUN   TestAccScalewayInstanceVolume_ResizeNotBlock
--- PASS: TestAccScalewayInstanceVolume_ResizeNotBlock (1.56s)
</output>
    </test>
    <test duration="1510" locationUrl="gotest://github.com/scaleway/terraform-provider-scaleway/v2/scaleway#TestAccScalewayInstanceVolume_CannotResizeBlockDown" name="TestAccScalewayInstanceVolume_CannotResizeBlockDown" status="passed">
        <output type="stdout">=== RUN   TestAccScalewayInstanceVolume_CannotResizeBlockDown
--- PASS: TestAccScalewayInstanceVolume_CannotResizeBlockDown (1.51s)
</output>
    </test>
    <test duration="12830" locationUrl="gotest://github.com/scaleway/terraform-provider-scaleway/v2/scaleway#TestAccScalewayIotDevice_Minimal" name="TestAccScalewayIotDevice_Minimal" status="passed">
        <output type="stdout">=== RUN   TestAccScalewayIotDevice_Minimal
=== PAUSE TestAccScalewayIotDevice_Minimal
=== CONT  TestAccScalewayIotDevice_Minimal
--- PASS: TestAccScalewayIotDevice_Minimal (12.83s)
</output>
    </test>
    <test duration="4680" locationUrl="gotest://github.com/scaleway/terraform-provider-scaleway/v2/scaleway#TestAccScalewayIotHub_Minimal" name="TestAccScalewayIotHub_Minimal" status="passed">
        <output type="stdout">=== RUN   TestAccScalewayIotHub_Minimal
=== PAUSE TestAccScalewayIotHub_Minimal
=== CONT  TestAccScalewayIotHub_Minimal
--- PASS: TestAccScalewayIotHub_Minimal (4.68s)
</output>
    </test>
    <test duration="4710" locationUrl="gotest://github.com/scaleway/terraform-provider-scaleway/v2/scaleway#TestAccScalewayIotNetwork_Minimal" name="TestAccScalewayIotNetwork_Minimal" status="passed">
        <output type="stdout">=== RUN   TestAccScalewayIotNetwork_Minimal
=== PAUSE TestAccScalewayIotNetwork_Minimal
=== CONT  TestAccScalewayIotNetwork_Minimal
--- PASS: TestAccScalewayIotNetwork_Minimal (4.71s)
</output>
    </test>
    <test duration="4790" locationUrl="gotest://github.com/scaleway/terraform-provider-scaleway/v2/scaleway#TestAccScalewayIotRoute_Minimal" name="TestAccScalewayIotRoute_Minimal" status="passed">
        <output type="stdout">=== RUN   TestAccScalewayIotRoute_Minimal
=== PAUSE TestAccScalewayIotRoute_Minimal
=== CONT  TestAccScalewayIotRoute_Minimal
--- PASS: TestAccScalewayIotRoute_Minimal (4.79s)
</output>
    </test>
    <test duration="4920" locationUrl="gotest://github.com/scaleway/terraform-provider-scaleway/v2/scaleway#TestAccScalewayK8SCluster_Basic" name="TestAccScalewayK8SCluster_Basic" status="passed">
        <output type="stdout">=== RUN   TestAccScalewayK8SCluster_Basic
=== PAUSE TestAccScalewayK8SCluster_Basic
=== CONT  TestAccScalewayK8SCluster_Basic
--- PASS: TestAccScalewayK8SCluster_Basic (4.92s)
</output>
    </test>
    <test duration="2820" locationUrl="gotest://github.com/scaleway/terraform-provider-scaleway/v2/scaleway#TestAccScalewayK8SCluster_Autoscaling" name="TestAccScalewayK8SCluster_Autoscaling" status="passed">
        <output type="stdout">=== RUN   TestAccScalewayK8SCluster_Autoscaling
=== PAUSE TestAccScalewayK8SCluster_Autoscaling
=== CONT  TestAccScalewayK8SCluster_Autoscaling
--- PASS: TestAccScalewayK8SCluster_Autoscaling (2.82s)
</output>
    </test>
    <test duration="15360" locationUrl="gotest://github.com/scaleway/terraform-provider-scaleway/v2/scaleway#TestAccScalewayK8SCluster_OIDC" name="TestAccScalewayK8SCluster_OIDC" status="failed">
        <output type="stdout">=== RUN   TestAccScalewayK8SCluster_OIDC
=== PAUSE TestAccScalewayK8SCluster_OIDC
=== CONT  TestAccScalewayK8SCluster_OIDC
=== CONT  TestAccScalewayK8SCluster_OIDC
    resource_k8s_cluster_test.go:248: Step 1/2 error: Error running apply: exit status 1
        
        Error: scaleway-sdk-go: waiting for cluster failed: scaleway-sdk-go: error executing request: Get "https://api.scaleway.com/k8s/v1/regions/fr-par/clusters/99fbff2b-dad2-4f26-9098-4bdd921592ed": GET https://api.scaleway.com/k8s/v1/regions/fr-par/clusters/99fbff2b-dad2-4f26-9098-4bdd921592ed giving up after 4 attempt(s): Get "https://api.scaleway.com/k8s/v1/regions/fr-par/clusters/99fbff2b-dad2-4f26-9098-4bdd921592ed": Requested interaction not found
        
          with scaleway_k8s_pool.minimal,
          on terraform_plugin_test.tf line 16, in resource "scaleway_k8s_pool" "minimal":
          16: resource "scaleway_k8s_pool" "minimal" {
        
=== CONT  TestAccScalewayK8SCluster_OIDC
    testing_new.go:79: Error running post-test destroy, there may be dangling resources: exit status 1
        
        Error: cluster 8f8e3500-d4a1-450b-ad5c-bcbf6105e2d0 has state ready, wants deleted
        
--- FAIL: TestAccScalewayK8SCluster_OIDC (15.36s)
</output>
    </test>
    <test duration="7930" locationUrl="gotest://github.com/scaleway/terraform-provider-scaleway/v2/scaleway#TestAccScalewayK8SCluster_AutoUpgrade" name="TestAccScalewayK8SCluster_AutoUpgrade" status="passed">
        <output type="stdout">=== RUN   TestAccScalewayK8SCluster_AutoUpgrade
=== PAUSE TestAccScalewayK8SCluster_AutoUpgrade
=== CONT  TestAccScalewayK8SCluster_AutoUpgrade
--- PASS: TestAccScalewayK8SCluster_AutoUpgrade (7.93s)
</output>
    </test>
    <test duration="15370" locationUrl="gotest://github.com/scaleway/terraform-provider-scaleway/v2/scaleway#TestAccScalewayK8SCluster_PoolBasic" name="TestAccScalewayK8SCluster_PoolBasic" status="failed">
        <output type="stdout">=== RUN   TestAccScalewayK8SCluster_PoolBasic
=== PAUSE TestAccScalewayK8SCluster_PoolBasic
=== CONT  TestAccScalewayK8SCluster_PoolBasic
=== CONT  TestAccScalewayK8SCluster_PoolBasic
    resource_k8s_pool_test.go:18: Step 1/3 error: Error running apply: exit status 1
        
        Error: scaleway-sdk-go: waiting for cluster failed: scaleway-sdk-go: error executing request: Get "https://api.scaleway.com/k8s/v1/regions/fr-par/clusters/34a6220a-c9b5-48be-8377-90ef7e394970": GET https://api.scaleway.com/k8s/v1/regions/fr-par/clusters/34a6220a-c9b5-48be-8377-90ef7e394970 giving up after 4 attempt(s): Get "https://api.scaleway.com/k8s/v1/regions/fr-par/clusters/34a6220a-c9b5-48be-8377-90ef7e394970": Requested interaction not found
        
          with scaleway_k8s_pool.default,
          on terraform_plugin_test.tf line 2, in resource "scaleway_k8s_pool" "default":
           2: resource "scaleway_k8s_pool" "default" {
        
    testing_new.go:79: Error running post-test destroy, there may be dangling resources: exit status 1
        
        Error: cluster d7da1a9a-6e27-482c-8477-099edf5a9e0b has state ready, wants deleted
        
--- FAIL: TestAccScalewayK8SCluster_PoolBasic (15.37s)
</output>
    </test>
    <test duration="15040" locationUrl="gotest://github.com/scaleway/terraform-provider-scaleway/v2/scaleway#TestAccScalewayK8SCluster_PoolWait" name="TestAccScalewayK8SCluster_PoolWait" status="failed">
        <output type="stdout">=== RUN   TestAccScalewayK8SCluster_PoolWait
=== PAUSE TestAccScalewayK8SCluster_PoolWait
=== CONT  TestAccScalewayK8SCluster_PoolWait
=== CONT  TestAccScalewayK8SCluster_PoolWait
    resource_k8s_pool_test.go:70: Step 1/5 error: Error running apply: exit status 1
        
        Error: scaleway-sdk-go: waiting for cluster failed: scaleway-sdk-go: error executing request: Get "https://api.scaleway.com/k8s/v1/regions/fr-par/clusters/606b53aa-c289-4a32-81c1-bac0d6fe0db8": GET https://api.scaleway.com/k8s/v1/regions/fr-par/clusters/606b53aa-c289-4a32-81c1-bac0d6fe0db8 giving up after 4 attempt(s): Get "https://api.scaleway.com/k8s/v1/regions/fr-par/clusters/606b53aa-c289-4a32-81c1-bac0d6fe0db8": Requested interaction not found
        
          with scaleway_k8s_pool.default,
          on terraform_plugin_test.tf line 2, in resource "scaleway_k8s_pool" "default":
           2: resource "scaleway_k8s_pool" "default" {
        
    testing_new.go:79: Error running post-test destroy, there may be dangling resources: exit status 1
        
        Error: cluster 41faf84b-6454-43ec-b38e-7bd256aa03d9 has state ready, wants deleted
        
--- FAIL: TestAccScalewayK8SCluster_PoolWait (15.04s)
</output>
    </test>
    <test duration="14920" locationUrl="gotest://github.com/scaleway/terraform-provider-scaleway/v2/scaleway#TestAccScalewayK8SCluster_PoolPlacementGroup" name="TestAccScalewayK8SCluster_PoolPlacementGroup" status="failed">
        <output type="stdout">=== RUN   TestAccScalewayK8SCluster_PoolPlacementGroup
=== PAUSE TestAccScalewayK8SCluster_PoolPlacementGroup
=== CONT  TestAccScalewayK8SCluster_PoolPlacementGroup
=== CONT  TestAccScalewayK8SCluster_PoolPlacementGroup
    resource_k8s_pool_test.go:143: Step 1/1 error: Error running apply: exit status 1
        
        Error: scaleway-sdk-go: waiting for cluster failed: scaleway-sdk-go: error executing request: Get "https://api.scaleway.com/k8s/v1/regions/fr-par/clusters/4f2c0eac-329a-4db1-8969-1a89c16d0748": GET https://api.scaleway.com/k8s/v1/regions/fr-par/clusters/4f2c0eac-329a-4db1-8969-1a89c16d0748 giving up after 4 attempt(s): Get "https://api.scaleway.com/k8s/v1/regions/fr-par/clusters/4f2c0eac-329a-4db1-8969-1a89c16d0748": Requested interaction not found
        
          with scaleway_k8s_pool.placement_group,
          on terraform_plugin_test.tf line 8, in resource "scaleway_k8s_pool" "placement_group":
           8: resource "scaleway_k8s_pool" "placement_group" {
        
    testing_new.go:79: Error running post-test destroy, there may be dangling resources: exit status 1
        
        Error: cluster 3c928169-023c-4ad3-9c38-2f8b7ad40712 has state ready, wants deleted
        
--- FAIL: TestAccScalewayK8SCluster_PoolPlacementGroup (14.92s)
</output>
    </test>
    <test duration="15080" locationUrl="gotest://github.com/scaleway/terraform-provider-scaleway/v2/scaleway#TestAccScalewayK8SCluster_PoolUpgradePolicy" name="TestAccScalewayK8SCluster_PoolUpgradePolicy" status="failed">
        <output type="stdout">=== RUN   TestAccScalewayK8SCluster_PoolUpgradePolicy
=== PAUSE TestAccScalewayK8SCluster_PoolUpgradePolicy
=== CONT  TestAccScalewayK8SCluster_PoolUpgradePolicy
=== CONT  TestAccScalewayK8SCluster_PoolUpgradePolicy
    resource_k8s_pool_test.go:169: Step 1/2 error: Error running apply: exit status 1
        
        Error: scaleway-sdk-go: waiting for cluster failed: scaleway-sdk-go: error executing request: Get "https://api.scaleway.com/k8s/v1/regions/fr-par/clusters/314a0b76-0427-4c90-ad5f-0f820c934587": GET https://api.scaleway.com/k8s/v1/regions/fr-par/clusters/314a0b76-0427-4c90-ad5f-0f820c934587 giving up after 4 attempt(s): Get "https://api.scaleway.com/k8s/v1/regions/fr-par/clusters/314a0b76-0427-4c90-ad5f-0f820c934587": Requested interaction not found
        
          with scaleway_k8s_pool.default,
          on terraform_plugin_test.tf line 2, in resource "scaleway_k8s_pool" "default":
           2: resource "scaleway_k8s_pool" "default" {
        
    testing_new.go:79: Error running post-test destroy, there may be dangling resources: exit status 1
        
        Error: cluster 1ffd7d25-e5f3-4a2f-bdd6-50bc4fbb428b has state ready, wants deleted
        
--- FAIL: TestAccScalewayK8SCluster_PoolUpgradePolicy (15.08s)
</output>
    </test>
    <test duration="15320" locationUrl="gotest://github.com/scaleway/terraform-provider-scaleway/v2/scaleway#TestAccScalewayK8SCluster_PoolKubeletArgs" name="TestAccScalewayK8SCluster_PoolKubeletArgs" status="failed">
        <output type="stdout">=== RUN   TestAccScalewayK8SCluster_PoolKubeletArgs
=== PAUSE TestAccScalewayK8SCluster_PoolKubeletArgs
=== CONT  TestAccScalewayK8SCluster_PoolKubeletArgs
=== CONT  TestAccScalewayK8SCluster_PoolKubeletArgs
    resource_k8s_pool_test.go:220: Step 1/2 error: Error running apply: exit status 1
        
        Error: scaleway-sdk-go: waiting for cluster failed: scaleway-sdk-go: error executing request: Get "https://api.scaleway.com/k8s/v1/regions/fr-par/clusters/9797b281-009d-413e-b808-3f8de1c95aa2": GET https://api.scaleway.com/k8s/v1/regions/fr-par/clusters/9797b281-009d-413e-b808-3f8de1c95aa2 giving up after 4 attempt(s): Get "https://api.scaleway.com/k8s/v1/regions/fr-par/clusters/9797b281-009d-413e-b808-3f8de1c95aa2": Requested interaction not found
        
          with scaleway_k8s_pool.default,
          on terraform_plugin_test.tf line 2, in resource "scaleway_k8s_pool" "default":
           2: resource "scaleway_k8s_pool" "default" {
        
=== CONT  TestAccScalewayK8SCluster_PoolKubeletArgs
    testing_new.go:79: Error running post-test destroy, there may be dangling resources: exit status 1
        
        Error: cluster 3ff36e14-4d99-43b5-a50f-5dc6ebeefc3d has state ready, wants deleted
        
--- FAIL: TestAccScalewayK8SCluster_PoolKubeletArgs (15.32s)
</output>
    </test>
    <test duration="15330" locationUrl="gotest://github.com/scaleway/terraform-provider-scaleway/v2/scaleway#TestAccScalewayK8SCluster_PoolZone" name="TestAccScalewayK8SCluster_PoolZone" status="failed">
        <output type="stdout">=== RUN   TestAccScalewayK8SCluster_PoolZone
=== PAUSE TestAccScalewayK8SCluster_PoolZone
=== CONT  TestAccScalewayK8SCluster_PoolZone
=== CONT  TestAccScalewayK8SCluster_PoolZone
    resource_k8s_pool_test.go:255: Step 1/1 error: Error running apply: exit status 1
        
        Error: scaleway-sdk-go: waiting for cluster failed: scaleway-sdk-go: error executing request: Get "https://api.scaleway.com/k8s/v1/regions/fr-par/clusters/a0117fe9-e1bd-4ca1-88f2-1ad04d32e304": GET https://api.scaleway.com/k8s/v1/regions/fr-par/clusters/a0117fe9-e1bd-4ca1-88f2-1ad04d32e304 giving up after 4 attempt(s): Get "https://api.scaleway.com/k8s/v1/regions/fr-par/clusters/a0117fe9-e1bd-4ca1-88f2-1ad04d32e304": Requested interaction not found
        
          with scaleway_k8s_pool.default,
          on terraform_plugin_test.tf line 2, in resource "scaleway_k8s_pool" "default":
           2: resource "scaleway_k8s_pool" "default" {
        
    testing_new.go:79: Error running post-test destroy, there may be dangling resources: exit status 1
        
        Error: cluster 515916fc-51df-4af5-b9ed-18c016e06e2c has state ready, wants deleted
        
--- FAIL: TestAccScalewayK8SCluster_PoolZone (15.33s)
</output>
    </test>
    <test duration="15810" locationUrl="gotest://github.com/scaleway/terraform-provider-scaleway/v2/scaleway#TestAccScalewayLbAcl_Basic" name="TestAccScalewayLbAcl_Basic" status="failed">
        <output type="stdout">=== RUN   TestAccScalewayLbAcl_Basic
=== PAUSE TestAccScalewayLbAcl_Basic
=== CONT  TestAccScalewayLbAcl_Basic
=== CONT  TestAccScalewayLbAcl_Basic
    resource_lb_acl_test.go:16: Step 1/3 error: Error running apply: exit status 1
        
        Error: cant parse localized id: 
        
          with scaleway_lb_backend.bkd01,
          on terraform_plugin_test.tf line 8, in resource "scaleway_lb_backend" "bkd01":
           8: 					resource scaleway_lb_backend bkd01 {
        
=== CONT  TestAccScalewayLbAcl_Basic
    testing_new.go:79: Error running post-test destroy, there may be dangling resources: exit status 1
        
        Error: scaleway-sdk-go: waiting for lb failed: scaleway-sdk-go: error executing request: Get "https://api.scaleway.com/lb/v1/zones/fr-par-1/lbs/cc08f324-8e96-4d30-bfb2-59a1ce13061c": GET https://api.scaleway.com/lb/v1/zones/fr-par-1/lbs/cc08f324-8e96-4d30-bfb2-59a1ce13061c giving up after 4 attempt(s): Get "https://api.scaleway.com/lb/v1/zones/fr-par-1/lbs/cc08f324-8e96-4d30-bfb2-59a1ce13061c": Requested interaction not found
        
--- FAIL: TestAccScalewayLbAcl_Basic (15.81s)
</output>
    </test>
    <test duration="16110" locationUrl="gotest://github.com/scaleway/terraform-provider-scaleway/v2/scaleway#TestAccScalewayLbBackend_Basic" name="TestAccScalewayLbBackend_Basic" status="failed">
        <output type="stdout">=== RUN   TestAccScalewayLbBackend_Basic
=== PAUSE TestAccScalewayLbBackend_Basic
=== CONT  TestAccScalewayLbBackend_Basic
=== CONT  TestAccScalewayLbBackend_Basic
    resource_lb_backend_test.go:15: Step 1/2 error: Error running apply: exit status 1
        
        Error: cant parse localized id: 
        
          with scaleway_lb_backend.bkd01,
          on terraform_plugin_test.tf line 11, in resource "scaleway_lb_backend" "bkd01":
          11: 					resource scaleway_lb_backend bkd01 {
        
=== CONT  TestAccScalewayLbBackend_Basic
    testing_new.go:79: Error running post-test destroy, there may be dangling resources: exit status 1
        
        Error: scaleway-sdk-go: waiting for lb failed: scaleway-sdk-go: error executing request: Get "https://api.scaleway.com/lb/v1/zones/fr-par-1/lbs/cd374845-f00f-4a87-b4f7-c08f2425742b": GET https://api.scaleway.com/lb/v1/zones/fr-par-1/lbs/cd374845-f00f-4a87-b4f7-c08f2425742b giving up after 4 attempt(s): Get "https://api.scaleway.com/lb/v1/zones/fr-par-1/lbs/cd374845-f00f-4a87-b4f7-c08f2425742b": Requested interaction not found
        
--- FAIL: TestAccScalewayLbBackend_Basic (16.11s)
</output>
    </test>
    <test duration="16070" locationUrl="gotest://github.com/scaleway/terraform-provider-scaleway/v2/scaleway#TestAccScalewayLbBackend_HealthCheck" name="TestAccScalewayLbBackend_HealthCheck" status="failed">
        <output type="stdout">=== RUN   TestAccScalewayLbBackend_HealthCheck
=== PAUSE TestAccScalewayLbBackend_HealthCheck
=== CONT  TestAccScalewayLbBackend_HealthCheck
=== CONT  TestAccScalewayLbBackend_HealthCheck
    resource_lb_backend_test.go:104: Step 1/3 error: Error running apply: exit status 1
        
        Error: cant parse localized id: 
        
          with scaleway_lb_backend.bkd01,
          on terraform_plugin_test.tf line 9, in resource "scaleway_lb_backend" "bkd01":
           9: 					resource scaleway_lb_backend bkd01 {
        
=== CONT  TestAccScalewayLbBackend_HealthCheck
    testing_new.go:79: Error running post-test destroy, there may be dangling resources: exit status 1
        
        Error: scaleway-sdk-go: waiting for lb failed: scaleway-sdk-go: error executing request: Get "https://api.scaleway.com/lb/v1/zones/fr-par-1/lbs/c6bbf247-bbb0-47e8-9483-fc9ac4dd2cea": GET https://api.scaleway.com/lb/v1/zones/fr-par-1/lbs/c6bbf247-bbb0-47e8-9483-fc9ac4dd2cea giving up after 4 attempt(s): Get "https://api.scaleway.com/lb/v1/zones/fr-par-1/lbs/c6bbf247-bbb0-47e8-9483-fc9ac4dd2cea": Requested interaction not found
        
--- FAIL: TestAccScalewayLbBackend_HealthCheck (16.07s)
</output>
    </test>
    <test duration="16540" locationUrl="gotest://github.com/scaleway/terraform-provider-scaleway/v2/scaleway#TestAccScalewayLbCertificate_Basic" name="TestAccScalewayLbCertificate_Basic" status="failed">
        <output type="stdout">=== RUN   TestAccScalewayLbCertificate_Basic
=== PAUSE TestAccScalewayLbCertificate_Basic
=== CONT  TestAccScalewayLbCertificate_Basic
=== CONT  TestAccScalewayLbCertificate_Basic
    resource_lb_certificate_test.go:19: Step 1/4 error: Error running apply: exit status 1
        
        Error: cant parse localized id: 
        
          with scaleway_lb_certificate.cert01,
          on terraform_plugin_test.tf line 11, in resource "scaleway_lb_certificate" "cert01":
          11: 					resource scaleway_lb_certificate cert01 {
        
=== CONT  TestAccScalewayLbCertificate_Basic
    testing_new.go:79: Error running post-test destroy, there may be dangling resources: exit status 1
        
        Error: scaleway-sdk-go: waiting for lb failed: scaleway-sdk-go: error executing request: Get "https://api.scaleway.com/lb/v1/zones/fr-par-1/lbs/c9a49746-a024-47e2-83de-9cc0bc5d471b": GET https://api.scaleway.com/lb/v1/zones/fr-par-1/lbs/c9a49746-a024-47e2-83de-9cc0bc5d471b giving up after 4 attempt(s): Get "https://api.scaleway.com/lb/v1/zones/fr-par-1/lbs/c9a49746-a024-47e2-83de-9cc0bc5d471b": Requested interaction not found
        
--- FAIL: TestAccScalewayLbCertificate_Basic (16.54s)
</output>
    </test>
    <test duration="15190" locationUrl="gotest://github.com/scaleway/terraform-provider-scaleway/v2/scaleway#TestAccScalewayLbFrontend_Basic" name="TestAccScalewayLbFrontend_Basic" status="failed">
        <output type="stdout">=== RUN   TestAccScalewayLbFrontend_Basic
=== PAUSE TestAccScalewayLbFrontend_Basic
=== CONT  TestAccScalewayLbFrontend_Basic
=== CONT  TestAccScalewayLbFrontend_Basic
    resource_lb_frontend_test.go:17: Step 1/2 error: Error running apply: exit status 1
        
        Error: cant parse localized id: 
        
          with scaleway_lb_backend.bkd01,
          on terraform_plugin_test.tf line 8, in resource "scaleway_lb_backend" "bkd01":
           8: 					resource scaleway_lb_backend bkd01 {
        
=== CONT  TestAccScalewayLbFrontend_Basic
    testing_new.go:79: Error running post-test destroy, there may be dangling resources: exit status 1
        
        Error: scaleway-sdk-go: waiting for lb failed: scaleway-sdk-go: error executing request: Get "https://api.scaleway.com/lb/v1/zones/fr-par-1/lbs/22affb03-e557-467c-b00c-5c3d56366a99": GET https://api.scaleway.com/lb/v1/zones/fr-par-1/lbs/22affb03-e557-467c-b00c-5c3d56366a99 giving up after 4 attempt(s): Get "https://api.scaleway.com/lb/v1/zones/fr-par-1/lbs/22affb03-e557-467c-b00c-5c3d56366a99": Requested interaction not found
        
--- FAIL: TestAccScalewayLbFrontend_Basic (15.19s)
</output>
    </test>
    <test duration="0" locationUrl="gotest://github.com/scaleway/terraform-provider-scaleway/v2/scaleway#TestAclEqual" name="TestAclEqual" status="passed">
        <output type="stdout">=== RUN   TestAclEqual
--- PASS: TestAclEqual (0.00s)
</output>
    </test>
    <test duration="19390" locationUrl="gotest://github.com/scaleway/terraform-provider-scaleway/v2/scaleway#TestAccScalewayLbIP_Basic" name="TestAccScalewayLbIP_Basic" status="failed">
        <output type="stdout">=== RUN   TestAccScalewayLbIP_Basic
=== PAUSE TestAccScalewayLbIP_Basic
=== CONT  TestAccScalewayLbIP_Basic
=== CONT  TestAccScalewayLbIP_Basic
    resource_lb_ip_test.go:50: Step 4/4 error: Error running post-apply refresh: exit status 1
        
        Error: scaleway-sdk-go: waiting for lb failed: scaleway-sdk-go: error executing request: Get "https://api.scaleway.com/lb/v1/zones/fr-par-1/lbs/2df25d17-f1e4-466a-86b3-d518362e118a": GET https://api.scaleway.com/lb/v1/zones/fr-par-1/lbs/2df25d17-f1e4-466a-86b3-d518362e118a giving up after 4 attempt(s): Get "https://api.scaleway.com/lb/v1/zones/fr-par-1/lbs/2df25d17-f1e4-466a-86b3-d518362e118a": Requested interaction not found
        
          with scaleway_lb_ip.ip01,
          on terraform_plugin_test.tf line 2, in resource "scaleway_lb_ip" "ip01":
           2: 					resource scaleway_lb_ip ip01 {
        
--- FAIL: TestAccScalewayLbIP_Basic (19.39s)
</output>
    </test>
    <test duration="14960" locationUrl="gotest://github.com/scaleway/terraform-provider-scaleway/v2/scaleway#TestAccScalewayLbRoute_Basic" name="TestAccScalewayLbRoute_Basic" status="failed">
        <output type="stdout">=== RUN   TestAccScalewayLbRoute_Basic
=== PAUSE TestAccScalewayLbRoute_Basic
=== CONT  TestAccScalewayLbRoute_Basic
    resource_lb_route_test.go:15: Step 1/1 error: Error running apply: exit status 1
        
        Error: cant parse localized id: 
        
          with scaleway_lb_backend.bkd01,
          on terraform_plugin_test.tf line 8, in resource "scaleway_lb_backend" "bkd01":
           8: 					resource scaleway_lb_backend bkd01 {
        
=== CONT  TestAccScalewayLbRoute_Basic
    testing_new.go:79: Error running post-test destroy, there may be dangling resources: exit status 1
        
        Error: scaleway-sdk-go: waiting for lb failed: scaleway-sdk-go: error executing request: Get "https://api.scaleway.com/lb/v1/zones/fr-par-1/lbs/ce735ea5-c5f9-48d2-9bbd-b283ebe5e902": GET https://api.scaleway.com/lb/v1/zones/fr-par-1/lbs/ce735ea5-c5f9-48d2-9bbd-b283ebe5e902 giving up after 4 attempt(s): Get "https://api.scaleway.com/lb/v1/zones/fr-par-1/lbs/ce735ea5-c5f9-48d2-9bbd-b283ebe5e902": Requested interaction not found
        
--- FAIL: TestAccScalewayLbRoute_Basic (14.96s)
</output>
    </test>
    <test duration="29520" locationUrl="gotest://github.com/scaleway/terraform-provider-scaleway/v2/scaleway#TestAccScalewayLbLb_WithIP" name="TestAccScalewayLbLb_WithIP" status="failed">
        <output type="stdout">=== RUN   TestAccScalewayLbLb_WithIP
=== PAUSE TestAccScalewayLbLb_WithIP
=== CONT  TestAccScalewayLbLb_WithIP
=== CONT  TestAccScalewayLbLb_WithIP
    resource_lb_test.go:67: Step 1/8 error: Error running post-apply refresh: exit status 1
        
        Error: scaleway-sdk-go: waiting for lb failed: scaleway-sdk-go: error executing request: Get "https://api.scaleway.com/lb/v1/zones/fr-par-1/lbs/f2ffba75-2c73-4acc-8626-5252bb45015a": GET https://api.scaleway.com/lb/v1/zones/fr-par-1/lbs/f2ffba75-2c73-4acc-8626-5252bb45015a giving up after 4 attempt(s): Get "https://api.scaleway.com/lb/v1/zones/fr-par-1/lbs/f2ffba75-2c73-4acc-8626-5252bb45015a": Requested interaction not found
        
          with scaleway_lb_ip.ip01,
          on terraform_plugin_test.tf line 2, in resource "scaleway_lb_ip" "ip01":
           2: 					resource scaleway_lb_ip ip01 {
        
=== CONT  TestAccScalewayLbLb_WithIP
    testing_new.go:79: Error running post-test destroy, there may be dangling resources: exit status 1
        
        Error: scaleway-sdk-go: waiting for lb failed: scaleway-sdk-go: error executing request: Get "https://api.scaleway.com/lb/v1/zones/fr-par-1/lbs/f2ffba75-2c73-4acc-8626-5252bb45015a": GET https://api.scaleway.com/lb/v1/zones/fr-par-1/lbs/f2ffba75-2c73-4acc-8626-5252bb45015a giving up after 4 attempt(s): Get "https://api.scaleway.com/lb/v1/zones/fr-par-1/lbs/f2ffba75-2c73-4acc-8626-5252bb45015a": Requested interaction not found
        
--- FAIL: TestAccScalewayLbLb_WithIP (29.52s)
</output>
    </test>
    <test duration="0" locationUrl="gotest://github.com/scaleway/terraform-provider-scaleway/v2/scaleway#TestLbUpgradeV1SchemaUpgradeFunc" name="TestLbUpgradeV1SchemaUpgradeFunc" status="passed">
        <output type="stdout">=== RUN   TestLbUpgradeV1SchemaUpgradeFunc
--- PASS: TestLbUpgradeV1SchemaUpgradeFunc (0.00s)
</output>
    </test>
    <test duration="0" locationUrl="gotest://github.com/scaleway/terraform-provider-scaleway/v2/scaleway#TestAccScalewayObjectBucket_Basic" name="TestAccScalewayObjectBucket_Basic" status="ignored">
        <output type="stdout">=== RUN   TestAccScalewayObjectBucket_Basic
    resource_object_bucket_test.go:28: Skipping ObjectStorage test as this kind of resource can't be deleted before 24h
--- SKIP: TestAccScalewayObjectBucket_Basic (0.00s)
</output>
    </test>
    <test duration="0" locationUrl="gotest://github.com/scaleway/terraform-provider-scaleway/v2/scaleway#TestAccScalewayObjectBucket_Cors_Update" name="TestAccScalewayObjectBucket_Cors_Update" status="ignored">
        <output type="stdout">=== RUN   TestAccScalewayObjectBucket_Cors_Update
    resource_object_bucket_test.go:396: Skipping ObjectStorage test as this kind of resource can't be deleted before 24h
--- SKIP: TestAccScalewayObjectBucket_Cors_Update (0.00s)
</output>
    </test>
    <test duration="0" locationUrl="gotest://github.com/scaleway/terraform-provider-scaleway/v2/scaleway#TestAccScalewayObjectBucket_Cors_Delete" name="TestAccScalewayObjectBucket_Cors_Delete" status="ignored">
        <output type="stdout">=== RUN   TestAccScalewayObjectBucket_Cors_Delete
    resource_object_bucket_test.go:503: Skipping ObjectStorage test as this kind of resource can't be deleted before 24h
--- SKIP: TestAccScalewayObjectBucket_Cors_Delete (0.00s)
</output>
    </test>
    <test duration="0" locationUrl="gotest://github.com/scaleway/terraform-provider-scaleway/v2/scaleway#TestAccScalewayObjectBucket_Cors_EmptyOrigin" name="TestAccScalewayObjectBucket_Cors_EmptyOrigin" status="ignored">
        <output type="stdout">=== RUN   TestAccScalewayObjectBucket_Cors_EmptyOrigin
    resource_object_bucket_test.go:560: Skipping ObjectStorage test as this kind of resource can't be deleted before 24h
--- SKIP: TestAccScalewayObjectBucket_Cors_EmptyOrigin (0.00s)
</output>
    </test>
    <test duration="0" locationUrl="gotest://github.com/scaleway/terraform-provider-scaleway/v2/scaleway#TestAccScalewayObjectBucket_DestroyForce" name="TestAccScalewayObjectBucket_DestroyForce" status="ignored">
        <output type="stdout">=== RUN   TestAccScalewayObjectBucket_DestroyForce
    resource_object_bucket_test.go:664: Skipping ObjectStorage test as this kind of resource can't be deleted before 24h
--- SKIP: TestAccScalewayObjectBucket_DestroyForce (0.00s)
</output>
    </test>
    <test duration="770" locationUrl="gotest://github.com/scaleway/terraform-provider-scaleway/v2/scaleway#TestAccScalewayRdbACL_Basic" name="TestAccScalewayRdbACL_Basic" status="failed">
        <output type="stdout">=== RUN   TestAccScalewayRdbACL_Basic
=== PAUSE TestAccScalewayRdbACL_Basic
=== CONT  TestAccScalewayRdbACL_Basic
    resource_rdb_acl_test.go:21: Step 1/3 error: Error running apply: exit status 1
        
        Error: cant parse localized id: 
        
          with scaleway_rdb_acl.main,
          on terraform_plugin_test.tf line 9, in resource "scaleway_rdb_acl" "main":
           9: 					resource scaleway_rdb_acl main {
        
    testing_new.go:79: Error running post-test destroy, there may be dangling resources: instance (fr-par/b7c6890c-8ac0-4757-b207-288f7a0f5b80) still exists
--- FAIL: TestAccScalewayRdbACL_Basic (0.77s)
</output>
    </test>
    <test duration="770" locationUrl="gotest://github.com/scaleway/terraform-provider-scaleway/v2/scaleway#TestAccScalewayRdbDatabase_Basic" name="TestAccScalewayRdbDatabase_Basic" status="failed">
        <output type="stdout">=== RUN   TestAccScalewayRdbDatabase_Basic
=== PAUSE TestAccScalewayRdbDatabase_Basic
=== CONT  TestAccScalewayRdbDatabase_Basic
    resource_rdb_database_test.go:18: Step 1/1 error: Error running apply: exit status 1
        
        Error: can't parse user resource id: 
        
          with scaleway_rdb_database.main,
          on terraform_plugin_test.tf line 10, in resource "scaleway_rdb_database" "main":
          10: 					resource scaleway_rdb_database main {
        
    testing_new.go:79: Error running post-test destroy, there may be dangling resources: instance (fr-par/ce9ec52b-dea1-4fb7-b669-4a05ec0c03fc) still exists
--- FAIL: TestAccScalewayRdbDatabase_Basic (0.77s)
</output>
    </test>
    <test duration="0" locationUrl="gotest://github.com/scaleway/terraform-provider-scaleway/v2/scaleway#TestResourceScalewayRdbDatabaseParseIDWithWronglyFormatedIdReturnError" name="TestResourceScalewayRdbDatabaseParseIDWithWronglyFormatedIdReturnError" status="passed">
        <output type="stdout">=== RUN   TestResourceScalewayRdbDatabaseParseIDWithWronglyFormatedIdReturnError
--- PASS: TestResourceScalewayRdbDatabaseParseIDWithWronglyFormatedIdReturnError (0.00s)
</output>
    </test>
    <test duration="0" locationUrl="gotest://github.com/scaleway/terraform-provider-scaleway/v2/scaleway#TestResourceScalewayRdbDatabaseParseID" name="TestResourceScalewayRdbDatabaseParseID" status="passed">
        <output type="stdout">=== RUN   TestResourceScalewayRdbDatabaseParseID
--- PASS: TestResourceScalewayRdbDatabaseParseID (0.00s)
</output>
    </test>
    <test duration="1200" locationUrl="gotest://github.com/scaleway/terraform-provider-scaleway/v2/scaleway#TestAccScalewayRdbInstance_Basic" name="TestAccScalewayRdbInstance_Basic" status="passed">
        <output type="stdout">=== RUN   TestAccScalewayRdbInstance_Basic
=== PAUSE TestAccScalewayRdbInstance_Basic
=== CONT  TestAccScalewayRdbInstance_Basic
--- PASS: TestAccScalewayRdbInstance_Basic (1.20s)
</output>
    </test>
    <test duration="1270" locationUrl="gotest://github.com/scaleway/terraform-provider-scaleway/v2/scaleway#TestAccScalewayRdbInstance_WithCluster" name="TestAccScalewayRdbInstance_WithCluster" status="passed">
        <output type="stdout">=== RUN   TestAccScalewayRdbInstance_WithCluster
=== PAUSE TestAccScalewayRdbInstance_WithCluster
=== CONT  TestAccScalewayRdbInstance_WithCluster
--- PASS: TestAccScalewayRdbInstance_WithCluster (1.27s)
</output>
    </test>
    <test duration="1340" locationUrl="gotest://github.com/scaleway/terraform-provider-scaleway/v2/scaleway#TestAccScalewayRdbInstance_Settings" name="TestAccScalewayRdbInstance_Settings" status="passed">
        <output type="stdout">=== RUN   TestAccScalewayRdbInstance_Settings
=== PAUSE TestAccScalewayRdbInstance_Settings
=== CONT  TestAccScalewayRdbInstance_Settings
--- PASS: TestAccScalewayRdbInstance_Settings (1.34s)
</output>
    </test>
    <test duration="1460" locationUrl="gotest://github.com/scaleway/terraform-provider-scaleway/v2/scaleway#TestAccScalewayRdbInstance_Capitalize" name="TestAccScalewayRdbInstance_Capitalize" status="passed">
        <output type="stdout">=== RUN   TestAccScalewayRdbInstance_Capitalize
=== PAUSE TestAccScalewayRdbInstance_Capitalize
=== CONT  TestAccScalewayRdbInstance_Capitalize
--- PASS: TestAccScalewayRdbInstance_Capitalize (1.46s)
</output>
    </test>
    <test duration="18710" locationUrl="gotest://github.com/scaleway/terraform-provider-scaleway/v2/scaleway#TestAccScalewayRdbInstance_PrivateNetwork" name="TestAccScalewayRdbInstance_PrivateNetwork" status="failed">
        <output type="stdout">=== RUN   TestAccScalewayRdbInstance_PrivateNetwork
=== PAUSE TestAccScalewayRdbInstance_PrivateNetwork
=== CONT  TestAccScalewayRdbInstance_PrivateNetwork
=== CONT  TestAccScalewayRdbInstance_PrivateNetwork
    resource_rdb_instance_test.go:201: Step 4/5 error: Error running apply: exit status 1
        
        Error: scaleway-sdk-go: waiting for gateway network failed: scaleway-sdk-go: error executing request: Get "https://api.scaleway.com/vpc-gw/v1/zones/nl-ams-1/gateway-networks/9a96aea6-e7a2-444c-b609-30769671b15d": GET https://api.scaleway.com/vpc-gw/v1/zones/nl-ams-1/gateway-networks/9a96aea6-e7a2-444c-b609-30769671b15d giving up after 4 attempt(s): Get "https://api.scaleway.com/vpc-gw/v1/zones/nl-ams-1/gateway-networks/9a96aea6-e7a2-444c-b609-30769671b15d": Requested interaction not found
        
          with scaleway_vpc_public_gateway_pat_rule.main,
          on terraform_plugin_test.tf line 28, in resource "scaleway_vpc_public_gateway_pat_rule" "main":
          28: 					resource scaleway_vpc_public_gateway_pat_rule main {
        
    testing_new.go:79: Error running post-test destroy, there may be dangling resources: instance (nl-ams/d8c323f7-a892-4189-b8dc-b223f1a04e55) still exists
--- FAIL: TestAccScalewayRdbInstance_PrivateNetwork (18.71s)
</output>
    </test>
    <test duration="16050" locationUrl="gotest://github.com/scaleway/terraform-provider-scaleway/v2/scaleway#TestAccScalewayRdbInstance_PrivateNetwork_DHCP" name="TestAccScalewayRdbInstance_PrivateNetwork_DHCP" status="failed">
        <output type="stdout">=== RUN   TestAccScalewayRdbInstance_PrivateNetwork_DHCP
=== PAUSE TestAccScalewayRdbInstance_PrivateNetwork_DHCP
=== CONT  TestAccScalewayRdbInstance_PrivateNetwork_DHCP
=== CONT  TestAccScalewayRdbInstance_PrivateNetwork_DHCP
    resource_rdb_instance_test.go:370: Step 1/2 error: Error running apply: exit status 1
        
        Error: scaleway-sdk-go: waiting for gateway network failed: scaleway-sdk-go: error executing request: Get "https://api.scaleway.com/vpc-gw/v1/zones/nl-ams-1/gateway-networks/993e8bc5-18f0-4905-9594-089121eba792": GET https://api.scaleway.com/vpc-gw/v1/zones/nl-ams-1/gateway-networks/993e8bc5-18f0-4905-9594-089121eba792 giving up after 4 attempt(s): Get "https://api.scaleway.com/vpc-gw/v1/zones/nl-ams-1/gateway-networks/993e8bc5-18f0-4905-9594-089121eba792": Requested interaction not found
        
          with scaleway_vpc_public_gateway_pat_rule.main,
          on terraform_plugin_test.tf line 23, in resource "scaleway_vpc_public_gateway_pat_rule" "main":
          23: 					resource scaleway_vpc_public_gateway_pat_rule main {
        
=== CONT  TestAccScalewayRdbInstance_PrivateNetwork_DHCP
    testing_new.go:79: Error running post-test destroy, there may be dangling resources: instance (nl-ams/c9ea4005-5bd7-401f-8f6c-b4c1a20f8fc3) still exists
--- FAIL: TestAccScalewayRdbInstance_PrivateNetwork_DHCP (16.05s)
</output>
    </test>
    <test duration="2300" locationUrl="gotest://github.com/scaleway/terraform-provider-scaleway/v2/scaleway#TestAccScalewayRdbInstance_BackupSchedule" name="TestAccScalewayRdbInstance_BackupSchedule" status="passed">
        <output type="stdout">=== RUN   TestAccScalewayRdbInstance_BackupSchedule
=== PAUSE TestAccScalewayRdbInstance_BackupSchedule
=== CONT  TestAccScalewayRdbInstance_BackupSchedule
--- PASS: TestAccScalewayRdbInstance_BackupSchedule (2.30s)
</output>
    </test>
    <test duration="4120" locationUrl="gotest://github.com/scaleway/terraform-provider-scaleway/v2/scaleway#TestAccScalewayRdbInstance_Volume" name="TestAccScalewayRdbInstance_Volume" status="passed">
        <output type="stdout">=== RUN   TestAccScalewayRdbInstance_Volume
=== PAUSE TestAccScalewayRdbInstance_Volume
=== CONT  TestAccScalewayRdbInstance_Volume
--- PASS: TestAccScalewayRdbInstance_Volume (4.12s)
</output>
    </test>
    <test duration="2210" locationUrl="gotest://github.com/scaleway/terraform-provider-scaleway/v2/scaleway#TestAccScalewayRdbPrivilege_Basic" name="TestAccScalewayRdbPrivilege_Basic" status="failed">
        <output type="stdout">=== RUN   TestAccScalewayRdbPrivilege_Basic
=== PAUSE TestAccScalewayRdbPrivilege_Basic
=== CONT  TestAccScalewayRdbPrivilege_Basic
=== CONT  TestAccScalewayRdbPrivilege_Basic
    resource_rdb_privilege_test.go:16: Step 1/3 error: Error running apply: exit status 1
        
        Error: can't parse user resource id: 
        
          with scaleway_rdb_database.db01,
          on terraform_plugin_test.tf line 10, in resource "scaleway_rdb_database" "db01":
          10: 					resource "scaleway_rdb_database" "db01" {
        
        
        Error: cant parse localized id: 
        
          with scaleway_rdb_user.foo1,
          on terraform_plugin_test.tf line 15, in resource "scaleway_rdb_user" "foo1":
          15: 					resource "scaleway_rdb_user" "foo1" {
        
=== CONT  TestAccScalewayRdbPrivilege_Basic
    testing_new.go:79: Error running post-test destroy, there may be dangling resources: instance (fr-par/4f8b394c-16db-41c1-b6af-c4fc2bc0b1c8) still exists
--- FAIL: TestAccScalewayRdbPrivilege_Basic (2.21s)
</output>
    </test>
    <test duration="2130" locationUrl="gotest://github.com/scaleway/terraform-provider-scaleway/v2/scaleway#TestAccScalewayRdbUser_Basic" name="TestAccScalewayRdbUser_Basic" status="failed">
        <output type="stdout">=== RUN   TestAccScalewayRdbUser_Basic
=== PAUSE TestAccScalewayRdbUser_Basic
=== CONT  TestAccScalewayRdbUser_Basic
=== CONT  TestAccScalewayRdbUser_Basic
    resource_rdb_user_test.go:16: Step 1/2 error: Error running apply: exit status 1
        
        Error: cant parse localized id: 
        
          with scaleway_rdb_user.db_user,
          on terraform_plugin_test.tf line 10, in resource "scaleway_rdb_user" "db_user":
          10: 					resource scaleway_rdb_user db_user {
        
    testing_new.go:79: Error running post-test destroy, there may be dangling resources: instance (fr-par/ceff8361-4483-4a4f-8e37-cf6b7b04268d) still exists
--- FAIL: TestAccScalewayRdbUser_Basic (2.13s)
</output>
    </test>
    <test duration="6260" locationUrl="gotest://github.com/scaleway/terraform-provider-scaleway/v2/scaleway#TestAccScalewayRegistryNamespace_Basic" name="TestAccScalewayRegistryNamespace_Basic" status="passed">
        <output type="stdout">=== RUN   TestAccScalewayRegistryNamespace_Basic
=== PAUSE TestAccScalewayRegistryNamespace_Basic
=== CONT  TestAccScalewayRegistryNamespace_Basic
--- PASS: TestAccScalewayRegistryNamespace_Basic (6.26s)
</output>
    </test>
    <test duration="34700" locationUrl="gotest://github.com/scaleway/terraform-provider-scaleway/v2/scaleway#TestAccScalewayVPCGatewayNetwork_Basic" name="TestAccScalewayVPCGatewayNetwork_Basic" status="failed">
        <output type="stdout">=== RUN   TestAccScalewayVPCGatewayNetwork_Basic
=== PAUSE TestAccScalewayVPCGatewayNetwork_Basic
=== CONT  TestAccScalewayVPCGatewayNetwork_Basic
=== CONT  TestAccScalewayVPCGatewayNetwork_Basic
    resource_vpc_gateway_network_test.go:50: Step 3/3 error: Error running pre-apply refresh: exit status 1
        
        Error: scaleway-sdk-go: error executing request: Get "https://api.scaleway.com/vpc-gw/v1/zones/fr-par-1/gateway-networks/e1afc2dc-f694-4946-a07f-de102dcf94d3": GET https://api.scaleway.com/vpc-gw/v1/zones/fr-par-1/gateway-networks/e1afc2dc-f694-4946-a07f-de102dcf94d3 giving up after 4 attempt(s): Get "https://api.scaleway.com/vpc-gw/v1/zones/fr-par-1/gateway-networks/e1afc2dc-f694-4946-a07f-de102dcf94d3": Requested interaction not found
        
=== CONT  TestAccScalewayVPCGatewayNetwork_Basic
    testing_new.go:79: Error running post-test destroy, there may be dangling resources: exit status 1
        
        Error: scaleway-sdk-go: waiting for gateway network failed: scaleway-sdk-go: error executing request: Get "https://api.scaleway.com/vpc-gw/v1/zones/fr-par-1/gateway-networks/e1afc2dc-f694-4946-a07f-de102dcf94d3": GET https://api.scaleway.com/vpc-gw/v1/zones/fr-par-1/gateway-networks/e1afc2dc-f694-4946-a07f-de102dcf94d3 giving up after 4 attempt(s): Get "https://api.scaleway.com/vpc-gw/v1/zones/fr-par-1/gateway-networks/e1afc2dc-f694-4946-a07f-de102dcf94d3": Requested interaction not found
        
--- FAIL: TestAccScalewayVPCGatewayNetwork_Basic (34.70s)
</output>
    </test>
    <test duration="17460" locationUrl="gotest://github.com/scaleway/terraform-provider-scaleway/v2/scaleway#TestAccScalewayVPCGatewayNetwork_WithoutDHCP" name="TestAccScalewayVPCGatewayNetwork_WithoutDHCP" status="failed">
        <output type="stdout">=== RUN   TestAccScalewayVPCGatewayNetwork_WithoutDHCP
=== PAUSE TestAccScalewayVPCGatewayNetwork_WithoutDHCP
=== CONT  TestAccScalewayVPCGatewayNetwork_WithoutDHCP
=== CONT  TestAccScalewayVPCGatewayNetwork_WithoutDHCP
    resource_vpc_gateway_network_test.go:137: Step 1/1 error: Error running post-apply refresh: exit status 1
        
        Error: scaleway-sdk-go: waiting for gateway network failed: scaleway-sdk-go: resource gateway_network with ID 9ccae0e6-51fb-4e2c-bfde-5baf78c3783c is not found
        
          with scaleway_vpc_gateway_network.main,
          on terraform_plugin_test.tf line 11, in resource "scaleway_vpc_gateway_network" "main":
          11: 					resource scaleway_vpc_gateway_network main {
        
=== CONT  TestAccScalewayVPCGatewayNetwork_WithoutDHCP
    testing_new.go:79: Error running post-test destroy, there may be dangling resources: exit status 1
        
        Error: scaleway-sdk-go: waiting for gateway network failed: scaleway-sdk-go: error executing request: Get "https://api.scaleway.com/vpc-gw/v1/zones/fr-par-1/gateway-networks/9ccae0e6-51fb-4e2c-bfde-5baf78c3783c": GET https://api.scaleway.com/vpc-gw/v1/zones/fr-par-1/gateway-networks/9ccae0e6-51fb-4e2c-bfde-5baf78c3783c giving up after 4 attempt(s): Get "https://api.scaleway.com/vpc-gw/v1/zones/fr-par-1/gateway-networks/9ccae0e6-51fb-4e2c-bfde-5baf78c3783c": Requested interaction not found
        
--- FAIL: TestAccScalewayVPCGatewayNetwork_WithoutDHCP (17.46s)
</output>
    </test>
    <test duration="8350" locationUrl="gotest://github.com/scaleway/terraform-provider-scaleway/v2/scaleway#TestAccScalewayVPCPrivateNetwork_Basic" name="TestAccScalewayVPCPrivateNetwork_Basic" status="passed">
        <output type="stdout">=== RUN   TestAccScalewayVPCPrivateNetwork_Basic
=== PAUSE TestAccScalewayVPCPrivateNetwork_Basic
=== CONT  TestAccScalewayVPCPrivateNetwork_Basic
--- PASS: TestAccScalewayVPCPrivateNetwork_Basic (8.35s)
</output>
    </test>
    <test duration="3590" locationUrl="gotest://github.com/scaleway/terraform-provider-scaleway/v2/scaleway#TestAccScalewayVPCPublicGatewayDHCP_Basic" name="TestAccScalewayVPCPublicGatewayDHCP_Basic" status="passed">
        <output type="stdout">=== RUN   TestAccScalewayVPCPublicGatewayDHCP_Basic
=== PAUSE TestAccScalewayVPCPublicGatewayDHCP_Basic
=== CONT  TestAccScalewayVPCPublicGatewayDHCP_Basic
--- PASS: TestAccScalewayVPCPublicGatewayDHCP_Basic (3.59s)
</output>
    </test>
    <test duration="8350" locationUrl="gotest://github.com/scaleway/terraform-provider-scaleway/v2/scaleway#TestAccScalewayVPCPublicGatewayIP_Basic" name="TestAccScalewayVPCPublicGatewayIP_Basic" status="passed">
        <output type="stdout">=== RUN   TestAccScalewayVPCPublicGatewayIP_Basic
=== PAUSE TestAccScalewayVPCPublicGatewayIP_Basic
=== CONT  TestAccScalewayVPCPublicGatewayIP_Basic
--- PASS: TestAccScalewayVPCPublicGatewayIP_Basic (8.35s)
</output>
    </test>
    <test duration="5020" locationUrl="gotest://github.com/scaleway/terraform-provider-scaleway/v2/scaleway#TestAccScalewayVPCPublicGatewayPATRule_Basic" name="TestAccScalewayVPCPublicGatewayPATRule_Basic" status="failed">
        <output type="stdout">=== RUN   TestAccScalewayVPCPublicGatewayPATRule_Basic
=== PAUSE TestAccScalewayVPCPublicGatewayPATRule_Basic
=== CONT  TestAccScalewayVPCPublicGatewayPATRule_Basic
=== CONT  TestAccScalewayVPCPublicGatewayPATRule_Basic
    resource_vpc_public_gateway_pat_rule_test.go:16: Step 2/2 error: Error running apply: exit status 1
        
        Error: scaleway-sdk-go: waiting for gateway network failed: scaleway-sdk-go: resource gateway_network with ID f7f8ae4f-3026-4029-a357-6c8271d26f7a is not found
        
          with scaleway_vpc_public_gateway_pat_rule.main,
          on terraform_plugin_test.tf line 23, in resource "scaleway_vpc_public_gateway_pat_rule" "main":
          23: 					resource scaleway_vpc_public_gateway_pat_rule main {
        
--- FAIL: TestAccScalewayVPCPublicGatewayPATRule_Basic (5.02s)
</output>
    </test>
    <test duration="5730" locationUrl="gotest://github.com/scaleway/terraform-provider-scaleway/v2/scaleway#TestAccScalewayVPCPublicGateway_Basic" name="TestAccScalewayVPCPublicGateway_Basic" status="passed">
        <output type="stdout">=== RUN   TestAccScalewayVPCPublicGateway_Basic
=== PAUSE TestAccScalewayVPCPublicGateway_Basic
=== CONT  TestAccScalewayVPCPublicGateway_Basic
--- PASS: TestAccScalewayVPCPublicGateway_Basic (5.73s)
</output>
    </test>
    <test duration="4080" locationUrl="gotest://github.com/scaleway/terraform-provider-scaleway/v2/scaleway#TestAccScalewayVPCPublicGateway_AttachToIP" name="TestAccScalewayVPCPublicGateway_AttachToIP" status="passed">
        <output type="stdout">=== RUN   TestAccScalewayVPCPublicGateway_AttachToIP
=== PAUSE TestAccScalewayVPCPublicGateway_AttachToIP
=== CONT  TestAccScalewayVPCPublicGateway_AttachToIP
--- PASS: TestAccScalewayVPCPublicGateway_AttachToIP (4.08s)
</output>
    </test>
    <test duration="500" locationUrl="gotest://github.com/scaleway/terraform-provider-scaleway/v2/scaleway#TestAccScalewayCassettes_Validator" name="TestAccScalewayCassettes_Validator" status="passed">
        <output type="stdout">=== RUN   TestAccScalewayCassettes_Validator
--- PASS: TestAccScalewayCassettes_Validator (0.50s)
</output>
    </test>
    <test duration="0" locationUrl="gotest://github.com/scaleway/terraform-provider-scaleway/v2/scaleway#TestValidationUUIDWithInvalidUUIDReturnError" name="TestValidationUUIDWithInvalidUUIDReturnError" status="passed">
        <output type="stdout">=== RUN   TestValidationUUIDWithInvalidUUIDReturnError
--- PASS: TestValidationUUIDWithInvalidUUIDReturnError (0.00s)
</output>
    </test>
    <test duration="0" locationUrl="gotest://github.com/scaleway/terraform-provider-scaleway/v2/scaleway#TestValidationUUIDWithValidUUIDReturnNothing" name="TestValidationUUIDWithValidUUIDReturnNothing" status="passed">
        <output type="stdout">=== RUN   TestValidationUUIDWithValidUUIDReturnNothing
--- PASS: TestValidationUUIDWithValidUUIDReturnNothing (0.00s)
</output>
    </test>
    <test duration="0" locationUrl="gotest://github.com/scaleway/terraform-provider-scaleway/v2/scaleway#TestValidationUUIDorUUIDWithLocalityWithValidUUIDReturnNothing" name="TestValidationUUIDorUUIDWithLocalityWithValidUUIDReturnNothing" status="passed">
        <output type="stdout">=== RUN   TestValidationUUIDorUUIDWithLocalityWithValidUUIDReturnNothing
--- PASS: TestValidationUUIDorUUIDWithLocalityWithValidUUIDReturnNothing (0.00s)
</output>
    </test>
    <test duration="0" locationUrl="gotest://github.com/scaleway/terraform-provider-scaleway/v2/scaleway#TestValidationUUIDorUUIDWithLocalityWithInvalidUUIDReturnError" name="TestValidationUUIDorUUIDWithLocalityWithInvalidUUIDReturnError" status="passed">
        <output type="stdout">=== RUN   TestValidationUUIDorUUIDWithLocalityWithInvalidUUIDReturnError
--- PASS: TestValidationUUIDorUUIDWithLocalityWithInvalidUUIDReturnError (0.00s)
</output>
    </test>
    <test duration="0" locationUrl="gotest://github.com/scaleway/terraform-provider-scaleway/v2/scaleway#TestValidationUUIDWithLocalityWithValidUUIDReturnNothing" name="TestValidationUUIDWithLocalityWithValidUUIDReturnNothing" status="passed">
        <output type="stdout">=== RUN   TestValidationUUIDWithLocalityWithValidUUIDReturnNothing
--- PASS: TestValidationUUIDWithLocalityWithValidUUIDReturnNothing (0.00s)
</output>
    </test>
    <test duration="0" locationUrl="gotest://github.com/scaleway/terraform-provider-scaleway/v2/scaleway#TestValidationUUIDWithLocalityWithInvalidUUIDReturnError" name="TestValidationUUIDWithLocalityWithInvalidUUIDReturnError" status="passed">
        <output type="stdout">=== RUN   TestValidationUUIDWithLocalityWithInvalidUUIDReturnError
--- PASS: TestValidationUUIDWithLocalityWithInvalidUUIDReturnError (0.00s)
</output>
    </test>
</testrun>
